\BOOKMARK [0][-]{chapter.1}{Vector Spaces}{}% 1
\BOOKMARK [1][-]{section.1.1}{Definitions}{chapter.1}% 2
\BOOKMARK [1][-]{section.1.2}{Bases}{chapter.1}% 3
\BOOKMARK [1][-]{section.1.3}{Dimension of a Vector Space}{chapter.1}% 4
\BOOKMARK [1][-]{section.1.4}{Sums and Direct Sums}{chapter.1}% 5
\BOOKMARK [0][-]{chapter.2}{Solving Linear Equations}{}% 6
\BOOKMARK [1][-]{section.2.1}{Systems of Linear Equations}{chapter.2}% 7
\BOOKMARK [1][-]{section.2.2}{Row Reduction and Echelon Forms}{chapter.2}% 8
\BOOKMARK [1][-]{section.2.3}{Vector Equations}{chapter.2}% 9
\BOOKMARK [1][-]{section.2.4}{The Matrix Equation \040A x =b }{chapter.2}% 10
\BOOKMARK [1][-]{section.2.5}{Solution Sets of Linear Systems}{chapter.2}% 11
\BOOKMARK [1][-]{section.2.6}{Linear Independence}{chapter.2}% 12
\BOOKMARK [1][-]{section.2.7}{Linear Transformations}{chapter.2}% 13
\BOOKMARK [0][-]{chapter.3}{Matrices}{}% 14
\BOOKMARK [1][-]{section.3.1}{Matrices and Arithmetic Operations on Them}{chapter.3}% 15
\BOOKMARK [1][-]{section.3.2}{The Inverse of a Matrix}{chapter.3}% 16
\BOOKMARK [1][-]{section.3.3}{Subspaces of \040Rn }{chapter.3}% 17
\BOOKMARK [0][-]{chapter.4}{Determinants}{}% 18
\BOOKMARK [1][-]{section.4.1}{Determinants and some other Concepts}{chapter.4}% 19
\BOOKMARK [1][-]{section.4.2}{Properties of Determinants}{chapter.4}% 20
\BOOKMARK [0][-]{chapter.5}{Vector Spaces}{}% 21
\BOOKMARK [1][-]{section.5.1}{Coordinate Systems}{chapter.5}% 22
\BOOKMARK [1][-]{section.5.2}{Rank}{chapter.5}% 23
\BOOKMARK [1][-]{section.5.3}{Change of Basis}{chapter.5}% 24
\BOOKMARK [0][-]{chapter.6}{Eigenvalues and Eigenvectors}{}% 25
\BOOKMARK [1][-]{section.6.1}{Definition}{chapter.6}% 26
\BOOKMARK [1][-]{section.6.2}{Diagonalization}{chapter.6}% 27
\BOOKMARK [1][-]{section.6.3}{Complex Eigenvalues}{chapter.6}% 28
\BOOKMARK [0][-]{chapter.7}{Orthogonality}{}% 29
\BOOKMARK [1][-]{section.7.1}{Orthogonal Sets}{chapter.7}% 30
\BOOKMARK [1][-]{section.7.2}{Orthogonal Projections}{chapter.7}% 31
\BOOKMARK [0][-]{chapter.8}{Symmetric Matrices and Quadratic Forms}{}% 32
