\BOOKMARK [0][-]{chapter.1}{Basic Set Theory}{}% 1
\BOOKMARK [1][-]{section.1.1}{Classification of Relations}{chapter.1}% 2
\BOOKMARK [1][-]{section.1.2}{Sets and Operations on Them}{chapter.1}% 3
\BOOKMARK [2][-]{subsection.1.2.1}{Naive Set Theory}{section.1.2}% 4
\BOOKMARK [2][-]{subsection.1.2.2}{ZFC: Zermelo-Fraenkel Axioms and Axiom of Choice}{section.1.2}% 5
\BOOKMARK [2][-]{subsection.1.2.3}{The Cardinality of a Set\(Cardinal Numbers\)}{section.1.2}% 6
\BOOKMARK [2][-]{subsection.1.2.4}{Operations on Sets}{section.1.2}% 7
\BOOKMARK [1][-]{section.1.3}{Countable and Uncountable Sets}{chapter.1}% 8
\BOOKMARK [2][-]{subsection.1.3.1}{The Cardinality of the Continuum}{section.1.3}% 9
\BOOKMARK [0][-]{chapter.2}{Topological Spaces and Continuous Functions}{}% 10
\BOOKMARK [1][-]{section.2.1}{Definition for Topological Spaces}{chapter.2}% 11
\BOOKMARK [1][-]{section.2.2}{Basis for Topology}{chapter.2}% 12
\BOOKMARK [1][-]{section.2.3}{The Order Topology}{chapter.2}% 13
\BOOKMARK [1][-]{section.2.4}{The Product Topology on \040X Y }{chapter.2}% 14
\BOOKMARK [1][-]{section.2.5}{The Subspace Topology}{chapter.2}% 15
\BOOKMARK [1][-]{section.2.6}{Closed Sets and Limit Points}{chapter.2}% 16
\BOOKMARK [2][-]{subsection.2.6.1}{Closed Sets}{section.2.6}% 17
\BOOKMARK [2][-]{subsection.2.6.2}{Closure and Interior of a Set}{section.2.6}% 18
\BOOKMARK [2][-]{subsection.2.6.3}{Limit Points}{section.2.6}% 19
\BOOKMARK [1][-]{section.2.7}{Hausdorff Spaces}{chapter.2}% 20
\BOOKMARK [1][-]{section.2.8}{Continuous Functions}{chapter.2}% 21
\BOOKMARK [2][-]{subsection.2.8.1}{Continuity of a Function}{section.2.8}% 22
\BOOKMARK [2][-]{subsection.2.8.2}{Homeomorphisms}{section.2.8}% 23
\BOOKMARK [1][-]{section.2.9}{Constructing Continuous Functions}{chapter.2}% 24
\BOOKMARK [1][-]{section.2.10}{The Product Topology}{chapter.2}% 25
\BOOKMARK [1][-]{section.2.11}{The Metric Topology}{chapter.2}% 26
\BOOKMARK [1][-]{section.2.12}{The Quotient Topology}{chapter.2}% 27
\BOOKMARK [0][-]{chapter.3}{Connectedness and Compactness}{}% 28
\BOOKMARK [1][-]{section.3.1}{Connected Spaces}{chapter.3}% 29
\BOOKMARK [1][-]{section.3.2}{Connected Subspaces of the Real Line}{chapter.3}% 30
\BOOKMARK [1][-]{section.3.3}{Components and Local Connectedness}{chapter.3}% 31
