\BOOKMARK [0][-]{chapter.1}{Vectors in Rn Space}{}% 1
\BOOKMARK [1][-]{section.1.1}{Definition and Properties}{chapter.1}% 2
\BOOKMARK [1][-]{section.1.2}{Addition/Subtraction}{chapter.1}% 3
\BOOKMARK [1][-]{section.1.3}{Scalar Multiplication}{chapter.1}% 4
\BOOKMARK [1][-]{section.1.4}{Dot Product}{chapter.1}% 5
\BOOKMARK [1][-]{section.1.5}{Direction Angles\134Cosines}{chapter.1}% 6
\BOOKMARK [1][-]{section.1.6}{Orthogonal Projections}{chapter.1}% 7
\BOOKMARK [1][-]{section.1.7}{Cross Product}{chapter.1}% 8
\BOOKMARK [1][-]{section.1.8}{Scalar triple product}{chapter.1}% 9
\BOOKMARK [0][-]{chapter.2}{Lines and Planes}{}% 10
\BOOKMARK [1][-]{section.2.1}{Equations of Lines}{chapter.2}% 11
\BOOKMARK [1][-]{section.2.2}{Equations of Planes}{chapter.2}% 12
\BOOKMARK [1][-]{section.2.3}{Angle between Planes}{chapter.2}% 13
\BOOKMARK [1][-]{section.2.4}{Distance}{chapter.2}% 14
\BOOKMARK [1][-]{section.2.5}{Cylindrical and Spherical Coordinates}{chapter.2}% 15
\BOOKMARK [0][-]{chapter.3}{Quadric Surfaces}{}% 16
\BOOKMARK [1][-]{section.3.1}{Traces}{chapter.3}% 17
\BOOKMARK [1][-]{section.3.2}{Type of Quadric Surfaces}{chapter.3}% 18
\BOOKMARK [0][-]{chapter.4}{Calculus of Vector-Valued Functions}{}% 19
\BOOKMARK [1][-]{section.4.1}{Orientation/Direction of its graph}{chapter.4}% 20
\BOOKMARK [1][-]{section.4.2}{Domain and Natural Domain}{chapter.4}% 21
\BOOKMARK [1][-]{section.4.3}{Radius Vector/Position Vector}{chapter.4}% 22
\BOOKMARK [1][-]{section.4.4}{Vector Form of A Line Segment}{chapter.4}% 23
\BOOKMARK [1][-]{section.4.5}{Calculus of Vector-Valued Functions}{chapter.4}% 24
\BOOKMARK [1][-]{section.4.6}{Arc Length}{chapter.4}% 25
\BOOKMARK [1][-]{section.4.7}{Arc Length as A Parameter}{chapter.4}% 26
\BOOKMARK [1][-]{section.4.8}{Unit Tangent, Normal, and Binormal Vectors}{chapter.4}% 27
\BOOKMARK [1][-]{section.4.9}{Curvature}{chapter.4}% 28
\BOOKMARK [1][-]{section.4.10}{Motion Along A Curve}{chapter.4}% 29
\BOOKMARK [1][-]{section.4.11}{Projectile Motion}{chapter.4}% 30
\BOOKMARK [0][-]{chapter.5}{Multivariable Calculus}{}% 31
\BOOKMARK [1][-]{section.5.1}{Definition of Multivariable functions and their graph}{chapter.5}% 32
\BOOKMARK [1][-]{section.5.2}{Properties of Sets in 2-d and 3-d space}{chapter.5}% 33
