This is pdfTeX, Version 3.14159265-2.6-1.40.18 (TeX Live 2017) (preloaded format=pdflatex 2017.5.23)  24 NOV 2017 17:34
entering extended mode
 restricted \write18 enabled.
 %&-line parsing enabled.
**"Mathematical Analysis.tex"
(./Mathematical Analysis.tex
LaTeX2e <2017-04-15>
Babel <3.10> and hyphenation patterns for 84 language(s) loaded.
(/usr/local/texlive/2017/texmf-dist/tex/latex/base/book.cls
Document Class: book 2014/09/29 v1.4h Standard LaTeX document class
(/usr/local/texlive/2017/texmf-dist/tex/latex/base/bk11.clo
File: bk11.clo 2014/09/29 v1.4h Standard LaTeX file (size option)
)
\c@part=\count79
\c@chapter=\count80
\c@section=\count81
\c@subsection=\count82
\c@subsubsection=\count83
\c@paragraph=\count84
\c@subparagraph=\count85
\c@figure=\count86
\c@table=\count87
\abovecaptionskip=\skip41
\belowcaptionskip=\skip42
\bibindent=\dimen102
)
(/usr/local/texlive/2017/texmf-dist/tex/latex/base/fontenc.sty
Package: fontenc 2017/04/05 v2.0i Standard LaTeX package

(/usr/local/texlive/2017/texmf-dist/tex/latex/base/t1enc.def
File: t1enc.def 2017/04/05 v2.0i Standard LaTeX file
LaTeX Font Info:    Redeclaring font encoding T1 on input line 48.
))
(/usr/local/texlive/2017/texmf-dist/tex/latex/base/inputenc.sty
Package: inputenc 2015/03/17 v1.2c Input encoding file
\inpenc@prehook=\toks14
\inpenc@posthook=\toks15

(/usr/local/texlive/2017/texmf-dist/tex/latex/base/utf8.def
File: utf8.def 2017/01/28 v1.1t UTF-8 support for inputenc
Now handling font encoding OML ...
... no UTF-8 mapping file for font encoding OML
Now handling font encoding T1 ...
... processing UTF-8 mapping file for font encoding T1

(/usr/local/texlive/2017/texmf-dist/tex/latex/base/t1enc.dfu
File: t1enc.dfu 2017/01/28 v1.1t UTF-8 support for inputenc
   defining Unicode char U+00A0 (decimal 160)
   defining Unicode char U+00A1 (decimal 161)
   defining Unicode char U+00A3 (decimal 163)
   defining Unicode char U+00AB (decimal 171)
   defining Unicode char U+00AD (decimal 173)
   defining Unicode char U+00BB (decimal 187)
   defining Unicode char U+00BF (decimal 191)
   defining Unicode char U+00C0 (decimal 192)
   defining Unicode char U+00C1 (decimal 193)
   defining Unicode char U+00C2 (decimal 194)
   defining Unicode char U+00C3 (decimal 195)
   defining Unicode char U+00C4 (decimal 196)
   defining Unicode char U+00C5 (decimal 197)
   defining Unicode char U+00C6 (decimal 198)
   defining Unicode char U+00C7 (decimal 199)
   defining Unicode char U+00C8 (decimal 200)
   defining Unicode char U+00C9 (decimal 201)
   defining Unicode char U+00CA (decimal 202)
   defining Unicode char U+00CB (decimal 203)
   defining Unicode char U+00CC (decimal 204)
   defining Unicode char U+00CD (decimal 205)
   defining Unicode char U+00CE (decimal 206)
   defining Unicode char U+00CF (decimal 207)
   defining Unicode char U+00D0 (decimal 208)
   defining Unicode char U+00D1 (decimal 209)
   defining Unicode char U+00D2 (decimal 210)
   defining Unicode char U+00D3 (decimal 211)
   defining Unicode char U+00D4 (decimal 212)
   defining Unicode char U+00D5 (decimal 213)
   defining Unicode char U+00D6 (decimal 214)
   defining Unicode char U+00D8 (decimal 216)
   defining Unicode char U+00D9 (decimal 217)
   defining Unicode char U+00DA (decimal 218)
   defining Unicode char U+00DB (decimal 219)
   defining Unicode char U+00DC (decimal 220)
   defining Unicode char U+00DD (decimal 221)
   defining Unicode char U+00DE (decimal 222)
   defining Unicode char U+00DF (decimal 223)
   defining Unicode char U+00E0 (decimal 224)
   defining Unicode char U+00E1 (decimal 225)
   defining Unicode char U+00E2 (decimal 226)
   defining Unicode char U+00E3 (decimal 227)
   defining Unicode char U+00E4 (decimal 228)
   defining Unicode char U+00E5 (decimal 229)
   defining Unicode char U+00E6 (decimal 230)
   defining Unicode char U+00E7 (decimal 231)
   defining Unicode char U+00E8 (decimal 232)
   defining Unicode char U+00E9 (decimal 233)
   defining Unicode char U+00EA (decimal 234)
   defining Unicode char U+00EB (decimal 235)
   defining Unicode char U+00EC (decimal 236)
   defining Unicode char U+00ED (decimal 237)
   defining Unicode char U+00EE (decimal 238)
   defining Unicode char U+00EF (decimal 239)
   defining Unicode char U+00F0 (decimal 240)
   defining Unicode char U+00F1 (decimal 241)
   defining Unicode char U+00F2 (decimal 242)
   defining Unicode char U+00F3 (decimal 243)
   defining Unicode char U+00F4 (decimal 244)
   defining Unicode char U+00F5 (decimal 245)
   defining Unicode char U+00F6 (decimal 246)
   defining Unicode char U+00F8 (decimal 248)
   defining Unicode char U+00F9 (decimal 249)
   defining Unicode char U+00FA (decimal 250)
   defining Unicode char U+00FB (decimal 251)
   defining Unicode char U+00FC (decimal 252)
   defining Unicode char U+00FD (decimal 253)
   defining Unicode char U+00FE (decimal 254)
   defining Unicode char U+00FF (decimal 255)
   defining Unicode char U+0100 (decimal 256)
   defining Unicode char U+0101 (decimal 257)
   defining Unicode char U+0102 (decimal 258)
   defining Unicode char U+0103 (decimal 259)
   defining Unicode char U+0104 (decimal 260)
   defining Unicode char U+0105 (decimal 261)
   defining Unicode char U+0106 (decimal 262)
   defining Unicode char U+0107 (decimal 263)
   defining Unicode char U+0108 (decimal 264)
   defining Unicode char U+0109 (decimal 265)
   defining Unicode char U+010A (decimal 266)
   defining Unicode char U+010B (decimal 267)
   defining Unicode char U+010C (decimal 268)
   defining Unicode char U+010D (decimal 269)
   defining Unicode char U+010E (decimal 270)
   defining Unicode char U+010F (decimal 271)
   defining Unicode char U+0110 (decimal 272)
   defining Unicode char U+0111 (decimal 273)
   defining Unicode char U+0112 (decimal 274)
   defining Unicode char U+0113 (decimal 275)
   defining Unicode char U+0114 (decimal 276)
   defining Unicode char U+0115 (decimal 277)
   defining Unicode char U+0116 (decimal 278)
   defining Unicode char U+0117 (decimal 279)
   defining Unicode char U+0118 (decimal 280)
   defining Unicode char U+0119 (decimal 281)
   defining Unicode char U+011A (decimal 282)
   defining Unicode char U+011B (decimal 283)
   defining Unicode char U+011C (decimal 284)
   defining Unicode char U+011D (decimal 285)
   defining Unicode char U+011E (decimal 286)
   defining Unicode char U+011F (decimal 287)
   defining Unicode char U+0120 (decimal 288)
   defining Unicode char U+0121 (decimal 289)
   defining Unicode char U+0122 (decimal 290)
   defining Unicode char U+0123 (decimal 291)
   defining Unicode char U+0124 (decimal 292)
   defining Unicode char U+0125 (decimal 293)
   defining Unicode char U+0128 (decimal 296)
   defining Unicode char U+0129 (decimal 297)
   defining Unicode char U+012A (decimal 298)
   defining Unicode char U+012B (decimal 299)
   defining Unicode char U+012C (decimal 300)
   defining Unicode char U+012D (decimal 301)
   defining Unicode char U+012E (decimal 302)
   defining Unicode char U+012F (decimal 303)
   defining Unicode char U+0130 (decimal 304)
   defining Unicode char U+0131 (decimal 305)
   defining Unicode char U+0132 (decimal 306)
   defining Unicode char U+0133 (decimal 307)
   defining Unicode char U+0134 (decimal 308)
   defining Unicode char U+0135 (decimal 309)
   defining Unicode char U+0136 (decimal 310)
   defining Unicode char U+0137 (decimal 311)
   defining Unicode char U+0139 (decimal 313)
   defining Unicode char U+013A (decimal 314)
   defining Unicode char U+013B (decimal 315)
   defining Unicode char U+013C (decimal 316)
   defining Unicode char U+013D (decimal 317)
   defining Unicode char U+013E (decimal 318)
   defining Unicode char U+0141 (decimal 321)
   defining Unicode char U+0142 (decimal 322)
   defining Unicode char U+0143 (decimal 323)
   defining Unicode char U+0144 (decimal 324)
   defining Unicode char U+0145 (decimal 325)
   defining Unicode char U+0146 (decimal 326)
   defining Unicode char U+0147 (decimal 327)
   defining Unicode char U+0148 (decimal 328)
   defining Unicode char U+014A (decimal 330)
   defining Unicode char U+014B (decimal 331)
   defining Unicode char U+014C (decimal 332)
   defining Unicode char U+014D (decimal 333)
   defining Unicode char U+014E (decimal 334)
   defining Unicode char U+014F (decimal 335)
   defining Unicode char U+0150 (decimal 336)
   defining Unicode char U+0151 (decimal 337)
   defining Unicode char U+0152 (decimal 338)
   defining Unicode char U+0153 (decimal 339)
   defining Unicode char U+0154 (decimal 340)
   defining Unicode char U+0155 (decimal 341)
   defining Unicode char U+0156 (decimal 342)
   defining Unicode char U+0157 (decimal 343)
   defining Unicode char U+0158 (decimal 344)
   defining Unicode char U+0159 (decimal 345)
   defining Unicode char U+015A (decimal 346)
   defining Unicode char U+015B (decimal 347)
   defining Unicode char U+015C (decimal 348)
   defining Unicode char U+015D (decimal 349)
   defining Unicode char U+015E (decimal 350)
   defining Unicode char U+015F (decimal 351)
   defining Unicode char U+0160 (decimal 352)
   defining Unicode char U+0161 (decimal 353)
   defining Unicode char U+0162 (decimal 354)
   defining Unicode char U+0163 (decimal 355)
   defining Unicode char U+0164 (decimal 356)
   defining Unicode char U+0165 (decimal 357)
   defining Unicode char U+0168 (decimal 360)
   defining Unicode char U+0169 (decimal 361)
   defining Unicode char U+016A (decimal 362)
   defining Unicode char U+016B (decimal 363)
   defining Unicode char U+016C (decimal 364)
   defining Unicode char U+016D (decimal 365)
   defining Unicode char U+016E (decimal 366)
   defining Unicode char U+016F (decimal 367)
   defining Unicode char U+0170 (decimal 368)
   defining Unicode char U+0171 (decimal 369)
   defining Unicode char U+0172 (decimal 370)
   defining Unicode char U+0173 (decimal 371)
   defining Unicode char U+0174 (decimal 372)
   defining Unicode char U+0175 (decimal 373)
   defining Unicode char U+0176 (decimal 374)
   defining Unicode char U+0177 (decimal 375)
   defining Unicode char U+0178 (decimal 376)
   defining Unicode char U+0179 (decimal 377)
   defining Unicode char U+017A (decimal 378)
   defining Unicode char U+017B (decimal 379)
   defining Unicode char U+017C (decimal 380)
   defining Unicode char U+017D (decimal 381)
   defining Unicode char U+017E (decimal 382)
   defining Unicode char U+01CD (decimal 461)
   defining Unicode char U+01CE (decimal 462)
   defining Unicode char U+01CF (decimal 463)
   defining Unicode char U+01D0 (decimal 464)
   defining Unicode char U+01D1 (decimal 465)
   defining Unicode char U+01D2 (decimal 466)
   defining Unicode char U+01D3 (decimal 467)
   defining Unicode char U+01D4 (decimal 468)
   defining Unicode char U+01E2 (decimal 482)
   defining Unicode char U+01E3 (decimal 483)
   defining Unicode char U+01E6 (decimal 486)
   defining Unicode char U+01E7 (decimal 487)
   defining Unicode char U+01E8 (decimal 488)
   defining Unicode char U+01E9 (decimal 489)
   defining Unicode char U+01EA (decimal 490)
   defining Unicode char U+01EB (decimal 491)
   defining Unicode char U+01F0 (decimal 496)
   defining Unicode char U+01F4 (decimal 500)
   defining Unicode char U+01F5 (decimal 501)
   defining Unicode char U+0218 (decimal 536)
   defining Unicode char U+0219 (decimal 537)
   defining Unicode char U+021A (decimal 538)
   defining Unicode char U+021B (decimal 539)
   defining Unicode char U+0232 (decimal 562)
   defining Unicode char U+0233 (decimal 563)
   defining Unicode char U+1E02 (decimal 7682)
   defining Unicode char U+1E03 (decimal 7683)
   defining Unicode char U+200C (decimal 8204)
   defining Unicode char U+2010 (decimal 8208)
   defining Unicode char U+2011 (decimal 8209)
   defining Unicode char U+2012 (decimal 8210)
   defining Unicode char U+2013 (decimal 8211)
   defining Unicode char U+2014 (decimal 8212)
   defining Unicode char U+2015 (decimal 8213)
   defining Unicode char U+2018 (decimal 8216)
   defining Unicode char U+2019 (decimal 8217)
   defining Unicode char U+201A (decimal 8218)
   defining Unicode char U+201C (decimal 8220)
   defining Unicode char U+201D (decimal 8221)
   defining Unicode char U+201E (decimal 8222)
   defining Unicode char U+2030 (decimal 8240)
   defining Unicode char U+2031 (decimal 8241)
   defining Unicode char U+2039 (decimal 8249)
   defining Unicode char U+203A (decimal 8250)
   defining Unicode char U+2423 (decimal 9251)
   defining Unicode char U+1E20 (decimal 7712)
   defining Unicode char U+1E21 (decimal 7713)
)
Now handling font encoding OT1 ...
... processing UTF-8 mapping file for font encoding OT1

(/usr/local/texlive/2017/texmf-dist/tex/latex/base/ot1enc.dfu
File: ot1enc.dfu 2017/01/28 v1.1t UTF-8 support for inputenc
   defining Unicode char U+00A0 (decimal 160)
   defining Unicode char U+00A1 (decimal 161)
   defining Unicode char U+00A3 (decimal 163)
   defining Unicode char U+00AD (decimal 173)
   defining Unicode char U+00B8 (decimal 184)
   defining Unicode char U+00BF (decimal 191)
   defining Unicode char U+00C5 (decimal 197)
   defining Unicode char U+00C6 (decimal 198)
   defining Unicode char U+00D8 (decimal 216)
   defining Unicode char U+00DF (decimal 223)
   defining Unicode char U+00E6 (decimal 230)
   defining Unicode char U+00EC (decimal 236)
   defining Unicode char U+00ED (decimal 237)
   defining Unicode char U+00EE (decimal 238)
   defining Unicode char U+00EF (decimal 239)
   defining Unicode char U+00F8 (decimal 248)
   defining Unicode char U+0131 (decimal 305)
   defining Unicode char U+0141 (decimal 321)
   defining Unicode char U+0142 (decimal 322)
   defining Unicode char U+0152 (decimal 338)
   defining Unicode char U+0153 (decimal 339)
   defining Unicode char U+0174 (decimal 372)
   defining Unicode char U+0175 (decimal 373)
   defining Unicode char U+0176 (decimal 374)
   defining Unicode char U+0177 (decimal 375)
   defining Unicode char U+0218 (decimal 536)
   defining Unicode char U+0219 (decimal 537)
   defining Unicode char U+021A (decimal 538)
   defining Unicode char U+021B (decimal 539)
   defining Unicode char U+2013 (decimal 8211)
   defining Unicode char U+2014 (decimal 8212)
   defining Unicode char U+2018 (decimal 8216)
   defining Unicode char U+2019 (decimal 8217)
   defining Unicode char U+201C (decimal 8220)
   defining Unicode char U+201D (decimal 8221)
)
Now handling font encoding OMS ...
... processing UTF-8 mapping file for font encoding OMS

(/usr/local/texlive/2017/texmf-dist/tex/latex/base/omsenc.dfu
File: omsenc.dfu 2017/01/28 v1.1t UTF-8 support for inputenc
   defining Unicode char U+00A7 (decimal 167)
   defining Unicode char U+00B6 (decimal 182)
   defining Unicode char U+00B7 (decimal 183)
   defining Unicode char U+2020 (decimal 8224)
   defining Unicode char U+2021 (decimal 8225)
   defining Unicode char U+2022 (decimal 8226)
)
Now handling font encoding OMX ...
... no UTF-8 mapping file for font encoding OMX
Now handling font encoding U ...
... no UTF-8 mapping file for font encoding U
   defining Unicode char U+00A9 (decimal 169)
   defining Unicode char U+00AA (decimal 170)
   defining Unicode char U+00AE (decimal 174)
   defining Unicode char U+00BA (decimal 186)
   defining Unicode char U+02C6 (decimal 710)
   defining Unicode char U+02DC (decimal 732)
   defining Unicode char U+200C (decimal 8204)
   defining Unicode char U+2026 (decimal 8230)
   defining Unicode char U+2122 (decimal 8482)
   defining Unicode char U+2423 (decimal 9251)
))
(/usr/local/texlive/2017/texmf-dist/tex/latex/lm/lmodern.sty
Package: lmodern 2009/10/30 v1.6 Latin Modern Fonts
LaTeX Font Info:    Overwriting symbol font `operators' in version `normal'
(Font)                  OT1/cmr/m/n --> OT1/lmr/m/n on input line 22.
LaTeX Font Info:    Overwriting symbol font `letters' in version `normal'
(Font)                  OML/cmm/m/it --> OML/lmm/m/it on input line 23.
LaTeX Font Info:    Overwriting symbol font `symbols' in version `normal'
(Font)                  OMS/cmsy/m/n --> OMS/lmsy/m/n on input line 24.
LaTeX Font Info:    Overwriting symbol font `largesymbols' in version `normal'
(Font)                  OMX/cmex/m/n --> OMX/lmex/m/n on input line 25.
LaTeX Font Info:    Overwriting symbol font `operators' in version `bold'
(Font)                  OT1/cmr/bx/n --> OT1/lmr/bx/n on input line 26.
LaTeX Font Info:    Overwriting symbol font `letters' in version `bold'
(Font)                  OML/cmm/b/it --> OML/lmm/b/it on input line 27.
LaTeX Font Info:    Overwriting symbol font `symbols' in version `bold'
(Font)                  OMS/cmsy/b/n --> OMS/lmsy/b/n on input line 28.
LaTeX Font Info:    Overwriting symbol font `largesymbols' in version `bold'
(Font)                  OMX/cmex/m/n --> OMX/lmex/m/n on input line 29.
LaTeX Font Info:    Overwriting math alphabet `\mathbf' in version `normal'
(Font)                  OT1/cmr/bx/n --> OT1/lmr/bx/n on input line 31.
LaTeX Font Info:    Overwriting math alphabet `\mathsf' in version `normal'
(Font)                  OT1/cmss/m/n --> OT1/lmss/m/n on input line 32.
LaTeX Font Info:    Overwriting math alphabet `\mathit' in version `normal'
(Font)                  OT1/cmr/m/it --> OT1/lmr/m/it on input line 33.
LaTeX Font Info:    Overwriting math alphabet `\mathtt' in version `normal'
(Font)                  OT1/cmtt/m/n --> OT1/lmtt/m/n on input line 34.
LaTeX Font Info:    Overwriting math alphabet `\mathbf' in version `bold'
(Font)                  OT1/cmr/bx/n --> OT1/lmr/bx/n on input line 35.
LaTeX Font Info:    Overwriting math alphabet `\mathsf' in version `bold'
(Font)                  OT1/cmss/bx/n --> OT1/lmss/bx/n on input line 36.
LaTeX Font Info:    Overwriting math alphabet `\mathit' in version `bold'
(Font)                  OT1/cmr/bx/it --> OT1/lmr/bx/it on input line 37.
LaTeX Font Info:    Overwriting math alphabet `\mathtt' in version `bold'
(Font)                  OT1/cmtt/m/n --> OT1/lmtt/m/n on input line 38.
)
(/usr/local/texlive/2017/texmf-dist/tex/latex/hyperref/hyperref.sty
Package: hyperref 2017/03/14 v6.85a Hypertext links for LaTeX

(/usr/local/texlive/2017/texmf-dist/tex/generic/oberdiek/hobsub-hyperref.sty
Package: hobsub-hyperref 2016/05/16 v1.14 Bundle oberdiek, subset hyperref (HO)


(/usr/local/texlive/2017/texmf-dist/tex/generic/oberdiek/hobsub-generic.sty
Package: hobsub-generic 2016/05/16 v1.14 Bundle oberdiek, subset generic (HO)
Package: hobsub 2016/05/16 v1.14 Construct package bundles (HO)
Package: infwarerr 2016/05/16 v1.4 Providing info/warning/error messages (HO)
Package: ltxcmds 2016/05/16 v1.23 LaTeX kernel commands for general use (HO)
Package: ifluatex 2016/05/16 v1.4 Provides the ifluatex switch (HO)
Package ifluatex Info: LuaTeX not detected.
Package: ifvtex 2016/05/16 v1.6 Detect VTeX and its facilities (HO)
Package ifvtex Info: VTeX not detected.
Package: intcalc 2016/05/16 v1.2 Expandable calculations with integers (HO)
Package: ifpdf 2017/03/15 v3.2 Provides the ifpdf switch
Package: etexcmds 2016/05/16 v1.6 Avoid name clashes with e-TeX commands (HO)
Package etexcmds Info: Could not find \expanded.
(etexcmds)             That can mean that you are not using pdfTeX 1.50 or
(etexcmds)             that some package has redefined \expanded.
(etexcmds)             In the latter case, load this package earlier.
Package: kvsetkeys 2016/05/16 v1.17 Key value parser (HO)
Package: kvdefinekeys 2016/05/16 v1.4 Define keys (HO)
Package: pdftexcmds 2017/03/19 v0.25 Utility functions of pdfTeX for LuaTeX (HO
)
Package pdftexcmds Info: LuaTeX not detected.
Package pdftexcmds Info: \pdf@primitive is available.
Package pdftexcmds Info: \pdf@ifprimitive is available.
Package pdftexcmds Info: \pdfdraftmode found.
Package: pdfescape 2016/05/16 v1.14 Implements pdfTeX's escape features (HO)
Package: bigintcalc 2016/05/16 v1.4 Expandable calculations on big integers (HO
)
Package: bitset 2016/05/16 v1.2 Handle bit-vector datatype (HO)
Package: uniquecounter 2016/05/16 v1.3 Provide unlimited unique counter (HO)
)
Package hobsub Info: Skipping package `hobsub' (already loaded).
Package: letltxmacro 2016/05/16 v1.5 Let assignment for LaTeX macros (HO)
Package: hopatch 2016/05/16 v1.3 Wrapper for package hooks (HO)
Package: xcolor-patch 2016/05/16 xcolor patch
Package: atveryend 2016/05/16 v1.9 Hooks at the very end of document (HO)
Package atveryend Info: \enddocument detected (standard20110627).
Package: atbegshi 2016/06/09 v1.18 At begin shipout hook (HO)
Package: refcount 2016/05/16 v3.5 Data extraction from label references (HO)
Package: hycolor 2016/05/16 v1.8 Color options for hyperref/bookmark (HO)
)
(/usr/local/texlive/2017/texmf-dist/tex/latex/graphics/keyval.sty
Package: keyval 2014/10/28 v1.15 key=value parser (DPC)
\KV@toks@=\toks16
)
(/usr/local/texlive/2017/texmf-dist/tex/generic/ifxetex/ifxetex.sty
Package: ifxetex 2010/09/12 v0.6 Provides ifxetex conditional
)
(/usr/local/texlive/2017/texmf-dist/tex/latex/oberdiek/auxhook.sty
Package: auxhook 2016/05/16 v1.4 Hooks for auxiliary files (HO)
)
(/usr/local/texlive/2017/texmf-dist/tex/latex/oberdiek/kvoptions.sty
Package: kvoptions 2016/05/16 v3.12 Key value format for package options (HO)
)
\@linkdim=\dimen103
\Hy@linkcounter=\count88
\Hy@pagecounter=\count89

(/usr/local/texlive/2017/texmf-dist/tex/latex/hyperref/pd1enc.def
File: pd1enc.def 2017/03/14 v6.85a Hyperref: PDFDocEncoding definition (HO)
Now handling font encoding PD1 ...
... no UTF-8 mapping file for font encoding PD1
)
\Hy@SavedSpaceFactor=\count90

(/usr/local/texlive/2017/texmf-dist/tex/latex/latexconfig/hyperref.cfg
File: hyperref.cfg 2002/06/06 v1.2 hyperref configuration of TeXLive
)
Package hyperref Info: Hyper figures OFF on input line 4498.
Package hyperref Info: Link nesting OFF on input line 4503.
Package hyperref Info: Hyper index ON on input line 4506.
Package hyperref Info: Plain pages OFF on input line 4513.
Package hyperref Info: Backreferencing OFF on input line 4518.
Package hyperref Info: Implicit mode ON; LaTeX internals redefined.
Package hyperref Info: Bookmarks ON on input line 4751.
\c@Hy@tempcnt=\count91

(/usr/local/texlive/2017/texmf-dist/tex/latex/url/url.sty
\Urlmuskip=\muskip10
Package: url 2013/09/16  ver 3.4  Verb mode for urls, etc.
)
LaTeX Info: Redefining \url on input line 5104.
\XeTeXLinkMargin=\dimen104
\Fld@menulength=\count92
\Field@Width=\dimen105
\Fld@charsize=\dimen106
Package hyperref Info: Hyper figures OFF on input line 6358.
Package hyperref Info: Link nesting OFF on input line 6363.
Package hyperref Info: Hyper index ON on input line 6366.
Package hyperref Info: backreferencing OFF on input line 6373.
Package hyperref Info: Link coloring OFF on input line 6378.
Package hyperref Info: Link coloring with OCG OFF on input line 6383.
Package hyperref Info: PDF/A mode OFF on input line 6388.
LaTeX Info: Redefining \ref on input line 6428.
LaTeX Info: Redefining \pageref on input line 6432.
\Hy@abspage=\count93
\c@Item=\count94
\c@Hfootnote=\count95
)

Package hyperref Message: Driver (autodetected): hpdftex.

(/usr/local/texlive/2017/texmf-dist/tex/latex/hyperref/hpdftex.def
File: hpdftex.def 2017/03/14 v6.85a Hyperref driver for pdfTeX
\Fld@listcount=\count96
\c@bookmark@seq@number=\count97

(/usr/local/texlive/2017/texmf-dist/tex/latex/oberdiek/rerunfilecheck.sty
Package: rerunfilecheck 2016/05/16 v1.8 Rerun checks for auxiliary files (HO)
Package uniquecounter Info: New unique counter `rerunfilecheck' on input line 2
82.
)
\Hy@SectionHShift=\skip43
)
(/usr/local/texlive/2017/texmf-dist/tex/latex/graphics/graphicx.sty
Package: graphicx 2014/10/28 v1.0g Enhanced LaTeX Graphics (DPC,SPQR)

(/usr/local/texlive/2017/texmf-dist/tex/latex/graphics/graphics.sty
Package: graphics 2017/04/14 v1.1b Standard LaTeX Graphics (DPC,SPQR)

(/usr/local/texlive/2017/texmf-dist/tex/latex/graphics/trig.sty
Package: trig 2016/01/03 v1.10 sin cos tan (DPC)
)
(/usr/local/texlive/2017/texmf-dist/tex/latex/graphics-cfg/graphics.cfg
File: graphics.cfg 2016/06/04 v1.11 sample graphics configuration
)
Package graphics Info: Driver file: pdftex.def on input line 99.

(/usr/local/texlive/2017/texmf-dist/tex/latex/graphics-def/pdftex.def
File: pdftex.def 2017/01/12 v0.06k Graphics/color for pdfTeX
\Gread@gobject=\count98
))
\Gin@req@height=\dimen107
\Gin@req@width=\dimen108
)
(/usr/local/texlive/2017/texmf-dist/tex/generic/babel/babel.sty
Package: babel 2017/05/19 3.10 The Babel package

(/usr/local/texlive/2017/texmf-dist/tex/generic/babel-english/english.ldf
Language: english 2017/01/24 v3.3q English support from the babel system

(/usr/local/texlive/2017/texmf-dist/tex/generic/babel/babel.def
File: babel.def 2017/05/19 3.10 Babel common definitions
\babel@savecnt=\count99
\U@D=\dimen109
)
\l@canadian = a dialect from \language\l@american 
\l@australian = a dialect from \language\l@british 
\l@newzealand = a dialect from \language\l@british 
))
(/usr/local/texlive/2017/texmf-dist/tex/latex/amsmath/amsmath.sty
Package: amsmath 2016/11/05 v2.16a AMS math features
\@mathmargin=\skip44

For additional information on amsmath, use the `?' option.
(/usr/local/texlive/2017/texmf-dist/tex/latex/amsmath/amstext.sty
Package: amstext 2000/06/29 v2.01 AMS text

(/usr/local/texlive/2017/texmf-dist/tex/latex/amsmath/amsgen.sty
File: amsgen.sty 1999/11/30 v2.0 generic functions
\@emptytoks=\toks17
\ex@=\dimen110
))
(/usr/local/texlive/2017/texmf-dist/tex/latex/amsmath/amsbsy.sty
Package: amsbsy 1999/11/29 v1.2d Bold Symbols
\pmbraise@=\dimen111
)
(/usr/local/texlive/2017/texmf-dist/tex/latex/amsmath/amsopn.sty
Package: amsopn 2016/03/08 v2.02 operator names
)
\inf@bad=\count100
LaTeX Info: Redefining \frac on input line 213.
\uproot@=\count101
\leftroot@=\count102
LaTeX Info: Redefining \overline on input line 375.
\classnum@=\count103
\DOTSCASE@=\count104
LaTeX Info: Redefining \ldots on input line 472.
LaTeX Info: Redefining \dots on input line 475.
LaTeX Info: Redefining \cdots on input line 596.
\Mathstrutbox@=\box26
\strutbox@=\box27
\big@size=\dimen112
LaTeX Font Info:    Redeclaring font encoding OML on input line 712.
LaTeX Font Info:    Redeclaring font encoding OMS on input line 713.
\macc@depth=\count105
\c@MaxMatrixCols=\count106
\dotsspace@=\muskip11
\c@parentequation=\count107
\dspbrk@lvl=\count108
\tag@help=\toks18
\row@=\count109
\column@=\count110
\maxfields@=\count111
\andhelp@=\toks19
\eqnshift@=\dimen113
\alignsep@=\dimen114
\tagshift@=\dimen115
\tagwidth@=\dimen116
\totwidth@=\dimen117
\lineht@=\dimen118
\@envbody=\toks20
\multlinegap=\skip45
\multlinetaggap=\skip46
\mathdisplay@stack=\toks21
LaTeX Info: Redefining \[ on input line 2817.
LaTeX Info: Redefining \] on input line 2818.
)
(/usr/local/texlive/2017/texmf-dist/tex/latex/amsfonts/amsfonts.sty
Package: amsfonts 2013/01/14 v3.01 Basic AMSFonts support
\symAMSa=\mathgroup4
\symAMSb=\mathgroup5
LaTeX Font Info:    Overwriting math alphabet `\mathfrak' in version `bold'
(Font)                  U/euf/m/n --> U/euf/b/n on input line 106.
)
(/usr/local/texlive/2017/texmf-dist/tex/latex/amscls/amsthm.sty
Package: amsthm 2015/03/04 v2.20.2
\thm@style=\toks22
\thm@bodyfont=\toks23
\thm@headfont=\toks24
\thm@notefont=\toks25
\thm@headpunct=\toks26
\thm@preskip=\skip47
\thm@postskip=\skip48
\thm@headsep=\skip49
\dth@everypar=\toks27
)
(/usr/local/texlive/2017/texmf-dist/tex/latex/mathtools/mathtools.sty
Package: mathtools 2015/11/12 v1.18 mathematical typesetting tools

(/usr/local/texlive/2017/texmf-dist/tex/latex/tools/calc.sty
Package: calc 2014/10/28 v4.3 Infix arithmetic (KKT,FJ)
\calc@Acount=\count112
\calc@Bcount=\count113
\calc@Adimen=\dimen119
\calc@Bdimen=\dimen120
\calc@Askip=\skip50
\calc@Bskip=\skip51
LaTeX Info: Redefining \setlength on input line 80.
LaTeX Info: Redefining \addtolength on input line 81.
\calc@Ccount=\count114
\calc@Cskip=\skip52
)
(/usr/local/texlive/2017/texmf-dist/tex/latex/mathtools/mhsetup.sty
Package: mhsetup 2010/01/21 v1.2a programming setup (MH)
)
LaTeX Info: Thecontrolsequence`\('isalreadyrobust on input line 129.
LaTeX Info: Thecontrolsequence`\)'isalreadyrobust on input line 129.
LaTeX Info: Thecontrolsequence`\['isalreadyrobust on input line 129.
LaTeX Info: Thecontrolsequence`\]'isalreadyrobust on input line 129.
\g_MT_multlinerow_int=\count115
\l_MT_multwidth_dim=\dimen121
\origjot=\skip53
\l_MT_shortvdotswithinadjustabove_dim=\dimen122
\l_MT_shortvdotswithinadjustbelow_dim=\dimen123
\l_MT_above_intertext_sep=\dimen124
\l_MT_below_intertext_sep=\dimen125
\l_MT_above_shortintertext_sep=\dimen126
\l_MT_below_shortintertext_sep=\dimen127
)
(/usr/local/texlive/2017/texmf-dist/tex/latex/amsfonts/amssymb.sty
Package: amssymb 2013/01/14 v3.01 AMS font symbols
)
(/usr/local/texlive/2017/texmf-dist/tex/latex/tools/array.sty
Package: array 2016/10/06 v2.4d Tabular extension package (FMi)
\col@sep=\dimen128
\extrarowheight=\dimen129
\NC@list=\toks28
\extratabsurround=\skip54
\backup@length=\skip55
)
(/usr/local/texlive/2017/texmf-dist/tex/latex/pgf/frontendlayer/tikz.sty
(/usr/local/texlive/2017/texmf-dist/tex/latex/pgf/basiclayer/pgf.sty
(/usr/local/texlive/2017/texmf-dist/tex/latex/pgf/utilities/pgfrcs.sty
(/usr/local/texlive/2017/texmf-dist/tex/generic/pgf/utilities/pgfutil-common.te
x
\pgfutil@everybye=\toks29
\pgfutil@tempdima=\dimen130
\pgfutil@tempdimb=\dimen131

(/usr/local/texlive/2017/texmf-dist/tex/generic/pgf/utilities/pgfutil-common-li
sts.tex))
(/usr/local/texlive/2017/texmf-dist/tex/generic/pgf/utilities/pgfutil-latex.def
\pgfutil@abb=\box28
(/usr/local/texlive/2017/texmf-dist/tex/latex/ms/everyshi.sty
Package: everyshi 2001/05/15 v3.00 EveryShipout Package (MS)
))
(/usr/local/texlive/2017/texmf-dist/tex/generic/pgf/utilities/pgfrcs.code.tex
Package: pgfrcs 2015/08/07 v3.0.1a (rcs-revision 1.31)
))
Package: pgf 2015/08/07 v3.0.1a (rcs-revision 1.15)
(/usr/local/texlive/2017/texmf-dist/tex/latex/pgf/basiclayer/pgfcore.sty
(/usr/local/texlive/2017/texmf-dist/tex/latex/pgf/systemlayer/pgfsys.sty
(/usr/local/texlive/2017/texmf-dist/tex/generic/pgf/systemlayer/pgfsys.code.tex
Package: pgfsys 2014/07/09 v3.0.1a (rcs-revision 1.48)
(/usr/local/texlive/2017/texmf-dist/tex/generic/pgf/utilities/pgfkeys.code.tex
\pgfkeys@pathtoks=\toks30
\pgfkeys@temptoks=\toks31

(/usr/local/texlive/2017/texmf-dist/tex/generic/pgf/utilities/pgfkeysfiltered.c
ode.tex
\pgfkeys@tmptoks=\toks32
))
\pgf@x=\dimen132
\pgf@y=\dimen133
\pgf@xa=\dimen134
\pgf@ya=\dimen135
\pgf@xb=\dimen136
\pgf@yb=\dimen137
\pgf@xc=\dimen138
\pgf@yc=\dimen139
\w@pgf@writea=\write3
\r@pgf@reada=\read1
\c@pgf@counta=\count116
\c@pgf@countb=\count117
\c@pgf@countc=\count118
\c@pgf@countd=\count119
\t@pgf@toka=\toks33
\t@pgf@tokb=\toks34
\t@pgf@tokc=\toks35

(/usr/local/texlive/2017/texmf-dist/tex/generic/pgf/systemlayer/pgf.cfg
File: pgf.cfg 2008/05/14  (rcs-revision 1.7)
)
Driver file for pgf: pgfsys-pdftex.def

(/usr/local/texlive/2017/texmf-dist/tex/generic/pgf/systemlayer/pgfsys-pdftex.d
ef
File: pgfsys-pdftex.def 2014/10/11  (rcs-revision 1.35)

(/usr/local/texlive/2017/texmf-dist/tex/generic/pgf/systemlayer/pgfsys-common-p
df.def
File: pgfsys-common-pdf.def 2013/10/10  (rcs-revision 1.13)
)))
(/usr/local/texlive/2017/texmf-dist/tex/generic/pgf/systemlayer/pgfsyssoftpath.
code.tex
File: pgfsyssoftpath.code.tex 2013/09/09  (rcs-revision 1.9)
\pgfsyssoftpath@smallbuffer@items=\count120
\pgfsyssoftpath@bigbuffer@items=\count121
)
(/usr/local/texlive/2017/texmf-dist/tex/generic/pgf/systemlayer/pgfsysprotocol.
code.tex
File: pgfsysprotocol.code.tex 2006/10/16  (rcs-revision 1.4)
)) (/usr/local/texlive/2017/texmf-dist/tex/latex/xcolor/xcolor.sty
Package: xcolor 2016/05/11 v2.12 LaTeX color extensions (UK)

(/usr/local/texlive/2017/texmf-dist/tex/latex/graphics-cfg/color.cfg
File: color.cfg 2016/01/02 v1.6 sample color configuration
)
Package xcolor Info: Driver file: pdftex.def on input line 225.
Package xcolor Info: Model `cmy' substituted by `cmy0' on input line 1348.
Package xcolor Info: Model `hsb' substituted by `rgb' on input line 1352.
Package xcolor Info: Model `RGB' extended on input line 1364.
Package xcolor Info: Model `HTML' substituted by `rgb' on input line 1366.
Package xcolor Info: Model `Hsb' substituted by `hsb' on input line 1367.
Package xcolor Info: Model `tHsb' substituted by `hsb' on input line 1368.
Package xcolor Info: Model `HSB' substituted by `hsb' on input line 1369.
Package xcolor Info: Model `Gray' substituted by `gray' on input line 1370.
Package xcolor Info: Model `wave' substituted by `hsb' on input line 1371.
)
(/usr/local/texlive/2017/texmf-dist/tex/generic/pgf/basiclayer/pgfcore.code.tex
Package: pgfcore 2010/04/11 v3.0.1a (rcs-revision 1.7)
(/usr/local/texlive/2017/texmf-dist/tex/generic/pgf/math/pgfmath.code.tex
(/usr/local/texlive/2017/texmf-dist/tex/generic/pgf/math/pgfmathcalc.code.tex
(/usr/local/texlive/2017/texmf-dist/tex/generic/pgf/math/pgfmathutil.code.tex)
(/usr/local/texlive/2017/texmf-dist/tex/generic/pgf/math/pgfmathparser.code.tex
\pgfmath@dimen=\dimen140
\pgfmath@count=\count122
\pgfmath@box=\box29
\pgfmath@toks=\toks36
\pgfmath@stack@operand=\toks37
\pgfmath@stack@operation=\toks38
)
(/usr/local/texlive/2017/texmf-dist/tex/generic/pgf/math/pgfmathfunctions.code.
tex
(/usr/local/texlive/2017/texmf-dist/tex/generic/pgf/math/pgfmathfunctions.basic
.code.tex)
(/usr/local/texlive/2017/texmf-dist/tex/generic/pgf/math/pgfmathfunctions.trigo
nometric.code.tex)
(/usr/local/texlive/2017/texmf-dist/tex/generic/pgf/math/pgfmathfunctions.rando
m.code.tex)
(/usr/local/texlive/2017/texmf-dist/tex/generic/pgf/math/pgfmathfunctions.compa
rison.code.tex)
(/usr/local/texlive/2017/texmf-dist/tex/generic/pgf/math/pgfmathfunctions.base.
code.tex)
(/usr/local/texlive/2017/texmf-dist/tex/generic/pgf/math/pgfmathfunctions.round
.code.tex)
(/usr/local/texlive/2017/texmf-dist/tex/generic/pgf/math/pgfmathfunctions.misc.
code.tex)
(/usr/local/texlive/2017/texmf-dist/tex/generic/pgf/math/pgfmathfunctions.integ
erarithmetics.code.tex)))
(/usr/local/texlive/2017/texmf-dist/tex/generic/pgf/math/pgfmathfloat.code.tex
\c@pgfmathroundto@lastzeros=\count123
))
(/usr/local/texlive/2017/texmf-dist/tex/generic/pgf/basiclayer/pgfcorepoints.co
de.tex
File: pgfcorepoints.code.tex 2013/10/07  (rcs-revision 1.27)
\pgf@picminx=\dimen141
\pgf@picmaxx=\dimen142
\pgf@picminy=\dimen143
\pgf@picmaxy=\dimen144
\pgf@pathminx=\dimen145
\pgf@pathmaxx=\dimen146
\pgf@pathminy=\dimen147
\pgf@pathmaxy=\dimen148
\pgf@xx=\dimen149
\pgf@xy=\dimen150
\pgf@yx=\dimen151
\pgf@yy=\dimen152
\pgf@zx=\dimen153
\pgf@zy=\dimen154
)
(/usr/local/texlive/2017/texmf-dist/tex/generic/pgf/basiclayer/pgfcorepathconst
ruct.code.tex
File: pgfcorepathconstruct.code.tex 2013/10/07  (rcs-revision 1.29)
\pgf@path@lastx=\dimen155
\pgf@path@lasty=\dimen156
)
(/usr/local/texlive/2017/texmf-dist/tex/generic/pgf/basiclayer/pgfcorepathusage
.code.tex
File: pgfcorepathusage.code.tex 2014/11/02  (rcs-revision 1.24)
\pgf@shorten@end@additional=\dimen157
\pgf@shorten@start@additional=\dimen158
)
(/usr/local/texlive/2017/texmf-dist/tex/generic/pgf/basiclayer/pgfcorescopes.co
de.tex
File: pgfcorescopes.code.tex 2015/05/08  (rcs-revision 1.46)
\pgfpic=\box30
\pgf@hbox=\box31
\pgf@layerbox@main=\box32
\pgf@picture@serial@count=\count124
)
(/usr/local/texlive/2017/texmf-dist/tex/generic/pgf/basiclayer/pgfcoregraphicst
ate.code.tex
File: pgfcoregraphicstate.code.tex 2014/11/02  (rcs-revision 1.12)
\pgflinewidth=\dimen159
)
(/usr/local/texlive/2017/texmf-dist/tex/generic/pgf/basiclayer/pgfcoretransform
ations.code.tex
File: pgfcoretransformations.code.tex 2015/08/07  (rcs-revision 1.20)
\pgf@pt@x=\dimen160
\pgf@pt@y=\dimen161
\pgf@pt@temp=\dimen162
)
(/usr/local/texlive/2017/texmf-dist/tex/generic/pgf/basiclayer/pgfcorequick.cod
e.tex
File: pgfcorequick.code.tex 2008/10/09  (rcs-revision 1.3)
)
(/usr/local/texlive/2017/texmf-dist/tex/generic/pgf/basiclayer/pgfcoreobjects.c
ode.tex
File: pgfcoreobjects.code.tex 2006/10/11  (rcs-revision 1.2)
)
(/usr/local/texlive/2017/texmf-dist/tex/generic/pgf/basiclayer/pgfcorepathproce
ssing.code.tex
File: pgfcorepathprocessing.code.tex 2013/09/09  (rcs-revision 1.9)
)
(/usr/local/texlive/2017/texmf-dist/tex/generic/pgf/basiclayer/pgfcorearrows.co
de.tex
File: pgfcorearrows.code.tex 2015/05/14  (rcs-revision 1.43)
\pgfarrowsep=\dimen163
)
(/usr/local/texlive/2017/texmf-dist/tex/generic/pgf/basiclayer/pgfcoreshade.cod
e.tex
File: pgfcoreshade.code.tex 2013/07/15  (rcs-revision 1.15)
\pgf@max=\dimen164
\pgf@sys@shading@range@num=\count125
)
(/usr/local/texlive/2017/texmf-dist/tex/generic/pgf/basiclayer/pgfcoreimage.cod
e.tex
File: pgfcoreimage.code.tex 2013/07/15  (rcs-revision 1.18)

(/usr/local/texlive/2017/texmf-dist/tex/generic/pgf/basiclayer/pgfcoreexternal.
code.tex
File: pgfcoreexternal.code.tex 2014/07/09  (rcs-revision 1.21)
\pgfexternal@startupbox=\box33
))
(/usr/local/texlive/2017/texmf-dist/tex/generic/pgf/basiclayer/pgfcorelayers.co
de.tex
File: pgfcorelayers.code.tex 2013/07/18  (rcs-revision 1.7)
)
(/usr/local/texlive/2017/texmf-dist/tex/generic/pgf/basiclayer/pgfcoretranspare
ncy.code.tex
File: pgfcoretransparency.code.tex 2013/09/30  (rcs-revision 1.5)
)
(/usr/local/texlive/2017/texmf-dist/tex/generic/pgf/basiclayer/pgfcorepatterns.
code.tex
File: pgfcorepatterns.code.tex 2013/11/07  (rcs-revision 1.5)
)))
(/usr/local/texlive/2017/texmf-dist/tex/generic/pgf/modules/pgfmoduleshapes.cod
e.tex
File: pgfmoduleshapes.code.tex 2014/03/21  (rcs-revision 1.35)
\pgfnodeparttextbox=\box34
)
(/usr/local/texlive/2017/texmf-dist/tex/generic/pgf/modules/pgfmoduleplot.code.
tex
File: pgfmoduleplot.code.tex 2015/08/03  (rcs-revision 1.13)
)
(/usr/local/texlive/2017/texmf-dist/tex/latex/pgf/compatibility/pgfcomp-version
-0-65.sty
Package: pgfcomp-version-0-65 2007/07/03 v3.0.1a (rcs-revision 1.7)
\pgf@nodesepstart=\dimen165
\pgf@nodesepend=\dimen166
)
(/usr/local/texlive/2017/texmf-dist/tex/latex/pgf/compatibility/pgfcomp-version
-1-18.sty
Package: pgfcomp-version-1-18 2007/07/23 v3.0.1a (rcs-revision 1.1)
))
(/usr/local/texlive/2017/texmf-dist/tex/latex/pgf/utilities/pgffor.sty
(/usr/local/texlive/2017/texmf-dist/tex/latex/pgf/utilities/pgfkeys.sty
(/usr/local/texlive/2017/texmf-dist/tex/generic/pgf/utilities/pgfkeys.code.tex)
) (/usr/local/texlive/2017/texmf-dist/tex/latex/pgf/math/pgfmath.sty
(/usr/local/texlive/2017/texmf-dist/tex/generic/pgf/math/pgfmath.code.tex))
(/usr/local/texlive/2017/texmf-dist/tex/generic/pgf/utilities/pgffor.code.tex
Package: pgffor 2013/12/13 v3.0.1a (rcs-revision 1.25)

(/usr/local/texlive/2017/texmf-dist/tex/generic/pgf/math/pgfmath.code.tex)
\pgffor@iter=\dimen167
\pgffor@skip=\dimen168
\pgffor@stack=\toks39
\pgffor@toks=\toks40
))
(/usr/local/texlive/2017/texmf-dist/tex/generic/pgf/frontendlayer/tikz/tikz.cod
e.tex
Package: tikz 2015/08/07 v3.0.1a (rcs-revision 1.151)

(/usr/local/texlive/2017/texmf-dist/tex/generic/pgf/libraries/pgflibraryplothan
dlers.code.tex
File: pgflibraryplothandlers.code.tex 2013/08/31 v3.0.1a (rcs-revision 1.20)
\pgf@plot@mark@count=\count126
\pgfplotmarksize=\dimen169
)
\tikz@lastx=\dimen170
\tikz@lasty=\dimen171
\tikz@lastxsaved=\dimen172
\tikz@lastysaved=\dimen173
\tikzleveldistance=\dimen174
\tikzsiblingdistance=\dimen175
\tikz@figbox=\box35
\tikz@figbox@bg=\box36
\tikz@tempbox=\box37
\tikz@tempbox@bg=\box38
\tikztreelevel=\count127
\tikznumberofchildren=\count128
\tikznumberofcurrentchild=\count129
\tikz@fig@count=\count130

(/usr/local/texlive/2017/texmf-dist/tex/generic/pgf/modules/pgfmodulematrix.cod
e.tex
File: pgfmodulematrix.code.tex 2013/09/17  (rcs-revision 1.8)
\pgfmatrixcurrentrow=\count131
\pgfmatrixcurrentcolumn=\count132
\pgf@matrix@numberofcolumns=\count133
)
\tikz@expandcount=\count134

(/usr/local/texlive/2017/texmf-dist/tex/generic/pgf/frontendlayer/tikz/librarie
s/tikzlibrarytopaths.code.tex
File: tikzlibrarytopaths.code.tex 2008/06/17 v3.0.1a (rcs-revision 1.2)
)))
(/usr/local/texlive/2017/texmf-dist/tex/latex/mathtools/empheq.sty
Package: empheq 2014/07/16 v2.14 Emphasizing equations
\l_EQ_equationtype_int=\count135
\l_EQ_alignmentmode_int=\count136
\l_EQ_totalwidth_dim=\dimen176
\l_EQ_displaywidth_dim=\dimen177
\l_EQ_temp_linewidth_dim=\dimen178
\EmphEqdelimitershortfall=\dimen179
\EmphEqdelimiterfactor=\count137
\g_EQ_toptag_height_dim=\dimen180
\g_EQ_bottomtag_depth_dim=\dimen181
\g_EQ_toprow_height_dim=\dimen182
\g_EQ_bottomrow_depth_dim=\dimen183
\g_EQ_widesttag_dim=\dimen184
\EQ_mathdisplay_box=\box39
\EQ_tag_box=\box40
\g_EQ_temprow_int=\count138
)
\c@Theorem=\count139
\c@Example=\count140

(./Mathematical Analysis.aux)
\openout1 = `"Mathematical Analysis.aux"'.

LaTeX Font Info:    Checking defaults for OML/cmm/m/it on input line 94.
LaTeX Font Info:    ... okay on input line 94.
LaTeX Font Info:    Checking defaults for T1/cmr/m/n on input line 94.
LaTeX Font Info:    ... okay on input line 94.
LaTeX Font Info:    Checking defaults for OT1/cmr/m/n on input line 94.
LaTeX Font Info:    ... okay on input line 94.
LaTeX Font Info:    Checking defaults for OMS/cmsy/m/n on input line 94.
LaTeX Font Info:    ... okay on input line 94.
LaTeX Font Info:    Checking defaults for OMX/cmex/m/n on input line 94.
LaTeX Font Info:    ... okay on input line 94.
LaTeX Font Info:    Checking defaults for U/cmr/m/n on input line 94.
LaTeX Font Info:    ... okay on input line 94.
LaTeX Font Info:    Checking defaults for PD1/pdf/m/n on input line 94.
LaTeX Font Info:    ... okay on input line 94.
LaTeX Font Info:    Try loading font information for T1+lmr on input line 94.

(/usr/local/texlive/2017/texmf-dist/tex/latex/lm/t1lmr.fd
File: t1lmr.fd 2009/10/30 v1.6 Font defs for Latin Modern
)
\AtBeginShipoutBox=\box41
Package hyperref Info: Link coloring OFF on input line 94.

(/usr/local/texlive/2017/texmf-dist/tex/latex/hyperref/nameref.sty
Package: nameref 2016/05/21 v2.44 Cross-referencing by name of section

(/usr/local/texlive/2017/texmf-dist/tex/generic/oberdiek/gettitlestring.sty
Package: gettitlestring 2016/05/16 v1.5 Cleanup title references (HO)
)
\c@section@level=\count141
)
LaTeX Info: Redefining \ref on input line 94.
LaTeX Info: Redefining \pageref on input line 94.
LaTeX Info: Redefining \nameref on input line 94.

(./Mathematical Analysis.out) (./Mathematical Analysis.out)
\@outlinefile=\write4
\openout4 = `"Mathematical Analysis.out"'.


(/usr/local/texlive/2017/texmf-dist/tex/context/base/mkii/supp-pdf.mkii
[Loading MPS to PDF converter (version 2006.09.02).]
\scratchcounter=\count142
\scratchdimen=\dimen185
\scratchbox=\box42
\nofMPsegments=\count143
\nofMParguments=\count144
\everyMPshowfont=\toks41
\MPscratchCnt=\count145
\MPscratchDim=\dimen186
\MPnumerator=\count146
\makeMPintoPDFobject=\count147
\everyMPtoPDFconversion=\toks42
) (/usr/local/texlive/2017/texmf-dist/tex/latex/oberdiek/epstopdf-base.sty
Package: epstopdf-base 2016/05/15 v2.6 Base part for package epstopdf

(/usr/local/texlive/2017/texmf-dist/tex/latex/oberdiek/grfext.sty
Package: grfext 2016/05/16 v1.2 Manage graphics extensions (HO)
)
Package epstopdf-base Info: Redefining graphics rule for `.eps' on input line 4
38.
Package grfext Info: Graphics extension search list:
(grfext)             [.png,.pdf,.jpg,.mps,.jpeg,.jbig2,.jb2,.PNG,.PDF,.JPG,.JPE
G,.JBIG2,.JB2,.eps]
(grfext)             \AppendGraphicsExtensions on input line 456.

(/usr/local/texlive/2017/texmf-dist/tex/latex/latexconfig/epstopdf-sys.cfg
File: epstopdf-sys.cfg 2010/07/13 v1.3 Configuration of (r)epstopdf for TeX Liv
e
))
ABD: EveryShipout initializing macros
LaTeX Font Info:    Try loading font information for OT1+lmr on input line 101.


(/usr/local/texlive/2017/texmf-dist/tex/latex/lm/ot1lmr.fd
File: ot1lmr.fd 2009/10/30 v1.6 Font defs for Latin Modern
)
LaTeX Font Info:    Try loading font information for OML+lmm on input line 101.


(/usr/local/texlive/2017/texmf-dist/tex/latex/lm/omllmm.fd
File: omllmm.fd 2009/10/30 v1.6 Font defs for Latin Modern
)
LaTeX Font Info:    Try loading font information for OMS+lmsy on input line 101
.

(/usr/local/texlive/2017/texmf-dist/tex/latex/lm/omslmsy.fd
File: omslmsy.fd 2009/10/30 v1.6 Font defs for Latin Modern
)
LaTeX Font Info:    Try loading font information for OMX+lmex on input line 101
.

(/usr/local/texlive/2017/texmf-dist/tex/latex/lm/omxlmex.fd
File: omxlmex.fd 2009/10/30 v1.6 Font defs for Latin Modern
)
LaTeX Font Info:    External font `lmex10' loaded for size
(Font)              <12> on input line 101.
LaTeX Font Info:    External font `lmex10' loaded for size
(Font)              <8> on input line 101.
LaTeX Font Info:    External font `lmex10' loaded for size
(Font)              <6> on input line 101.
LaTeX Font Info:    Try loading font information for U+msa on input line 101.

(/usr/local/texlive/2017/texmf-dist/tex/latex/amsfonts/umsa.fd
File: umsa.fd 2013/01/14 v3.01 AMS symbols A
)
LaTeX Font Info:    Try loading font information for U+msb on input line 101.

(/usr/local/texlive/2017/texmf-dist/tex/latex/amsfonts/umsb.fd
File: umsb.fd 2013/01/14 v3.01 AMS symbols B
) [1



{/usr/local/texlive/2017/texmf-var/fonts/map/pdftex/updmap/pdftex.map}] [2

]
(./Mathematical Analysis.toc
LaTeX Font Info:    External font `lmex10' loaded for size
(Font)              <10.95> on input line 3.
 [3]
Overfull \hbox (4.74045pt too wide) in paragraph at lines 75--75
 [][] [][]\T1/lmr/m/n/10.95 The Gen-eral Def-i-ni-tion of the Limit of a Func-t
ion(Limit 
 []

[4] [5]
Overfull \hbox (4.8161pt too wide) in paragraph at lines 158--158
 [][] [][]\T1/lmr/m/n/10.95 Definition, Ex-am-ples, and Ba-sic Prop-er-ties of 
Im-proper 
 []


Overfull \hbox (2.96172pt too wide) in paragraph at lines 168--168
 [][] [][]\T1/lmr/m/n/10.95 Continuity of a Func-tion of Sev-eral Vari-ables an
d Prop- 
 []


Overfull \hbox (3.57011pt too wide) in paragraph at lines 180--180
 [][] [][]\T1/lmr/m/n/10.95 Coordinate Rep-re-sen-ta-tion of the Dif-fer-en-tia
l of a Map- 
 []

[6]
Overfull \hbox (3.4852pt too wide) in paragraph at lines 202--202
 [][] [][]\T1/lmr/m/n/10.95 Transition to the Case of a Re-la-tion $\OML/lmm/m/
it/10.95 F\OT1/lmr/m/n/10.95 (\OML/lmm/m/it/10.95 x[]; []  ; x[]; y\OT1/lmr/m/n
/10.95 ) = 
 []

)
\tf@toc=\write5
\openout5 = `"Mathematical Analysis.toc"'.

 [7] [8

]
 1.

Overfull \hbox (25.1274pt too wide) in paragraph at lines 111--122
[] 
 []


Underfull \hbox (badness 10000) in paragraph at lines 126--132

 []


Underfull \hbox (badness 10000) in paragraph at lines 126--132

 []


Underfull \vbox (badness 4024) has occurred while \output is active []

 [1

]
Underfull \hbox (badness 10000) in paragraph at lines 140--144

 []


Underfull \hbox (badness 10000) in paragraph at lines 140--144

 []


Underfull \hbox (badness 10000) in paragraph at lines 145--146

 []


Underfull \hbox (badness 10000) in paragraph at lines 150--154

 []


Underfull \hbox (badness 10000) in paragraph at lines 150--154

 []


Overfull \hbox (5.85423pt too wide) in paragraph at lines 157--158
[]\T1/lmr/m/n/10.95 8$[]$  \T1/lmr/bx/n/10.95 (Ax-iom of Choice/Zermelo's Ax-io
m) \T1/lmr/m/n/10.95 For any set $\OML/lmm/m/it/10.95 X$ \T1/lmr/m/n/10.95 of n
onempty
 []

[2]pdfTeX warning (ext4): destination with the same identifier (name{equation.1
.2.1}) has been already used, duplicate ignored
<to be read again> 
                   \relax 
l.167 \begin{equation}
                      
Underfull \hbox (badness 10000) in paragraph at lines 169--179

 []


Underfull \hbox (badness 10000) in paragraph at lines 169--179

 []


Overfull \hbox (44.93733pt too wide) in paragraph at lines 191--207
[] 
 []


Underfull \hbox (badness 10000) in paragraph at lines 191--207

 []

[3]
Underfull \hbox (badness 10000) in paragraph at lines 241--244

 []


Underfull \hbox (badness 10000) in paragraph at lines 241--244

 []

[4pdfTeX warning (ext4): destination with the same identifier (name{equation.1.
3.1}) has been already used, duplicate ignored

\AtBegShi@Output ...ipout \box \AtBeginShipoutBox 
                                                  \fi \fi 
l.260 \subsection
                 {Composition of Functions and Mutually Inverse Mappings}pdfTeX
 warning (ext4): destination with the same identifier (name{equation.1.3.1}) ha
s been already used, duplicate ignored

\AtBegShi@Output ...ipout \box \AtBeginShipoutBox 
                                                  \fi \fi 
l.260 \subsection
                 {Composition of Functions and Mutually Inverse Mappings}pdfTeX
 warning (ext4): destination with the same identifier (name{equation.1.3.1}) ha
s been already used, duplicate ignored

\AtBegShi@Output ...ipout \box \AtBeginShipoutBox 
                                                  \fi \fi 
l.260 \subsection
                 {Composition of Functions and Mutually Inverse Mappings}]pdfTe
X warning (ext4): destination with the same identifier (name{equation.1.3.1}) h
as been already used, duplicate ignored
<to be read again> 
                   \relax 
l.263 \begin{equation}
                      pdfTeX warning (ext4): destination with the same identifi
er (name{equation.1.3.1}) has been already used, duplicate ignored
<to be read again> 
                   \relax 
l.272 \begin{equation}
                      
Underfull \hbox (badness 10000) in paragraph at lines 269--272

 []


Underfull \hbox (badness 10000) in paragraph at lines 274--277

 []


Underfull \hbox (badness 10000) in paragraph at lines 274--277

 []

pdfTeX warning (ext4): destination with the same identifier (name{equation.1.3.
1}) has been already used, duplicate ignored
<to be read again> 
                   \relax 
l.286 	\begin{equation}
                       
Underfull \hbox (badness 10000) in paragraph at lines 309--313

 []

[5]
Underfull \hbox (badness 10000) in paragraph at lines 316--323

 []


Underfull \hbox (badness 10000) in paragraph at lines 316--323

 []


Underfull \hbox (badness 10000) in paragraph at lines 326--331

 []

pdfTeX warning (ext4): destination with the same identifier (name{equation.1.3.
1}) has been already used, duplicate ignored
<to be read again> 
                   \relax 
l.335 \begin{equation}
                      pdfTeX warning (ext4): destination with the same identifi
er (name{equation.1.3.1}) has been already used, duplicate ignored
<to be read again> 
                   \relax 
l.343 	\begin{equation}
                       
Underfull \hbox (badness 10000) in paragraph at lines 345--348

 []

[6]pdfTeX warning (ext4): destination with the same identifier (name{equation.1
.3.1}) has been already used, duplicate ignored
<to be read again> 
                   \relax 
l.352 \begin{equation}
                       [7] [8

]
 2.

Underfull \hbox (badness 10000) in paragraph at lines 381--383

 []

[9pdfTeX warning (ext4): destination with the same identifier (name{equation.2.
1.1}) has been already used, duplicate ignored

\AtBegShi@Output ...ipout \box \AtBeginShipoutBox 
                                                  \fi \fi 
l.385 \end{Definition}
                      pdfTeX warning (ext4): destination with the same identifi
er (name{equation.2.1.1}) has been already used, duplicate ignored

\AtBegShi@Output ...ipout \box \AtBeginShipoutBox 
                                                  \fi \fi 
l.385 \end{Definition}
                      pdfTeX warning (ext4): destination with the same identifi
er (name{equation.2.1.1}) has been already used, duplicate ignored

\AtBegShi@Output ...ipout \box \AtBeginShipoutBox 
                                                  \fi \fi 
l.385 \end{Definition}
                      pdfTeX warning (ext4): destination with the same identifi
er (name{equation.2.1.1}) has been already used, duplicate ignored

\AtBegShi@Output ...ipout \box \AtBeginShipoutBox 
                                                  \fi \fi 
l.385 \end{Definition}
                      ]
Underfull \hbox (badness 10000) in paragraph at lines 386--387

 []

pdfTeX warning (ext4): destination with the same identifier (name{equation.2.1.
1}) has been already used, duplicate ignored
<to be read again> 
                   \relax 
l.388 \begin{equation}
                      pdfTeX warning (ext4): destination with the same identifi
er (name{equation.2.1.1}) has been already used, duplicate ignored
<to be read again> 
                   \relax 
l.393 \begin{equation}
                      pdfTeX warning (ext4): destination with the same identifi
er (name{equation.2.1.1}) has been already used, duplicate ignored
<to be read again> 
                   \relax 
l.397 \begin{equation}
                      pdfTeX warning (ext4): destination with the same identifi
er (name{equation.2.1.1}) has been already used, duplicate ignored
<to be read again> 
                   \relax 
l.401 \begin{equation}
                      pdfTeX warning (ext4): destination with the same identifi
er (name{equation.2.1.1}) has been already used, duplicate ignored
<to be read again> 
                   \relax 
l.405 \begin{equation}
                      pdfTeX warning (ext4): destination with the same identifi
er (name{equation.2.1.1}) has been already used, duplicate ignored
<to be read again> 
                   \relax 
l.411 \begin{equation}
                      
Underfull \hbox (badness 10000) in paragraph at lines 407--411

 []

[10]
Overfull \hbox (74.78395pt too wide) detected at line 436
\OT1/lmr/m/n/10.95 (\OMS/lmsy/m/n/10.95 8\OML/lmm/m/it/10.95 X\OMS/lmsy/m/n/10.
95 8\OML/lmm/m/it/10.95 Y \OMS/lmsy/m/n/10.95 ^^Z \U/msb/m/n/10.95 R\OT1/lmr/m/
n/10.95 ) \OMS/lmsy/m/n/10.95 ^ \OT1/lmr/m/n/10.95 (\OML/lmm/m/it/10.95 X; Y \O
MS/lmsy/m/n/10.95 6\OT1/lmr/m/n/10.95 = \U/msb/m/n/10.95 ?\OT1/lmr/m/n/10.95 ) 
\OMS/lmsy/m/n/10.95 ^ \OT1/lmr/m/n/10.95 (\OMS/lmsy/m/n/10.95 8\OML/lmm/m/it/10
.95 x \OMS/lmsy/m/n/10.95 2 \OML/lmm/m/it/10.95 X\OMS/lmsy/m/n/10.95 8\OML/lmm/
m/it/10.95 y \OMS/lmsy/m/n/10.95 2 \OML/lmm/m/it/10.95 Y \OMS/lmsy/m/n/10.95 ) 
\OML/lmm/m/it/10.95 x \U/msa/m/n/10.95 6 \OML/lmm/m/it/10.95 y\OT1/lmr/m/n/10.9
5 ) \OMS/lmsy/m/n/10.95 ) \OT1/lmr/m/n/10.95 (\OMS/lmsy/m/n/10.95 9\OML/lmm/m/i
t/10.95 c \OMS/lmsy/m/n/10.95 2 \U/msb/m/n/10.95 R\OMS/lmsy/m/n/10.95 8\OML/lmm
/m/it/10.95 x \OMS/lmsy/m/n/10.95 2 \OML/lmm/m/it/10.95 X\OMS/lmsy/m/n/10.95 8\
OML/lmm/m/it/10.95 y \OMS/lmsy/m/n/10.95 2 \OML/lmm/m/it/10.95 Y\OT1/lmr/m/n/10
.95 (\OML/lmm/m/it/10.95 x \U/msa/m/n/10.95 6 \OML/lmm/m/it/10.95 c \U/msa/m/n/
10.95 6 \OML/lmm/m/it/10.95 y\OT1/lmr/m/n/10.95 ))
 []


Underfull \hbox (badness 10000) in paragraph at lines 436--440

 []


Underfull \hbox (badness 10000) in paragraph at lines 436--440

 []


Overfull \hbox (157.95462pt too wide) has occurred while \output is active
\T1/lmr/m/sl/10.95 2.1.  THE AXIOM SYSTEM AND SOME GENERAL PROPERTIES OF THE SE
T OF REAL NUMBERS \T1/lmr/m/n/10.95 11
 []

[11] [12]
Overfull \hbox (157.95462pt too wide) has occurred while \output is active
\T1/lmr/m/sl/10.95 2.1.  THE AXIOM SYSTEM AND SOME GENERAL PROPERTIES OF THE SE
T OF REAL NUMBERS \T1/lmr/m/n/10.95 13
 []

[13]
Overfull \hbox (4.21985pt too wide) in paragraph at lines 567--567
\T1/lmr/bx/n/14.4 and Com-pu-ta-tional As-pects of Op-er-a-tions with
 []


Underfull \hbox (badness 10000) in paragraph at lines 591--597

 []

[14]
Underfull \hbox (badness 10000) in paragraph at lines 608--609

 []


Overfull \hbox (366.98944pt too wide) has occurred while \output is active
\T1/lmr/m/sl/10.95 2.2.  THE MOST IMPORTANT CLASSES OF REAL NUMBERS AND COMPUTA
TIONAL ASPECTS OF OPERATIONS WITH REAL NUMBERS \T1/lmr/m/n/10.95 15
 []

[15]
Underfull \hbox (badness 10000) in paragraph at lines 634--637

 []


Underfull \hbox (badness 10000) in paragraph at lines 634--637

 []


Underfull \hbox (badness 10000) in paragraph at lines 639--643

 []


Underfull \hbox (badness 10000) in paragraph at lines 639--643

 []


Underfull \hbox (badness 10000) in paragraph at lines 659--660

 []

[16]
Overfull \hbox (5.54941pt too wide) in paragraph at lines 663--665
[]\T1/lmr/m/n/10.95 2$[]$ Any nonempty sub-set of the in-te-gers that is bounde
d from above(resp.
 []


Underfull \hbox (badness 10000) in paragraph at lines 663--665

 []


Overfull \hbox (366.98944pt too wide) has occurred while \output is active
\T1/lmr/m/sl/10.95 2.2.  THE MOST IMPORTANT CLASSES OF REAL NUMBERS AND COMPUTA
TIONAL ASPECTS OF OPERATIONS WITH REAL NUMBERS \T1/lmr/m/n/10.95 17
 []

[17] [18]
Underfull \hbox (badness 10000) in paragraph at lines 797--802

 []


Underfull \hbox (badness 10000) in paragraph at lines 797--802

 []


Underfull \hbox (badness 10000) in paragraph at lines 797--802

 []


Underfull \hbox (badness 10000) in paragraph at lines 797--802

 []


Overfull \hbox (366.98944pt too wide) has occurred while \output is active
\T1/lmr/m/sl/10.95 2.2.  THE MOST IMPORTANT CLASSES OF REAL NUMBERS AND COMPUTA
TIONAL ASPECTS OF OPERATIONS WITH REAL NUMBERS \T1/lmr/m/n/10.95 19
 []

[19]
Underfull \hbox (badness 10000) in paragraph at lines 830--832

 []

[20]
Underfull \hbox (badness 10000) in paragraph at lines 834--836

 []


Underfull \hbox (badness 10000) in paragraph at lines 848--850

 []


Overfull \hbox (123.20628pt too wide) has occurred while \output is active
\T1/lmr/m/sl/10.95 2.3.  BASIC LEMMAS CONNECTED WITH THE COMPLETENESS OF THE RE
AL NUMBERS \T1/lmr/m/n/10.95 21
 []

[21]
Underfull \hbox (badness 10000) in paragraph at lines 867--869

 []


Underfull \hbox (badness 10000) in paragraph at lines 883--885

 []

[22]
Underfull \hbox (badness 10000) in paragraph at lines 915--918

 []


Underfull \hbox (badness 10000) in paragraph at lines 915--918

 []

[23]
Underfull \hbox (badness 10000) in paragraph at lines 929--931

 []

[24]
Underfull \hbox (badness 10000) in paragraph at lines 956--959

 []

LaTeX Font Info:    Try loading font information for U+euf on input line 960.
(/usr/local/texlive/2017/texmf-dist/tex/latex/amsfonts/ueuf.fd
File: ueuf.fd 2013/01/14 v3.01 Euler Fraktur
)
Underfull \hbox (badness 10000) in paragraph at lines 974--976

 []

[25] [26

]
 3.

Underfull \hbox (badness 10000) in paragraph at lines 988--991

 []

[27] [28]
Overfull \hbox (16.49542pt too wide) in paragraph at lines 1091--1092
[][]\T1/lmr/bx/n/10.95 Theorem 3.1.8. []\T1/lmr/m/it/10.95 Let $\OMS/lmsy/m/n/1
0.95 f\OML/lmm/m/it/10.95 x[]\OMS/lmsy/m/n/10.95 g$ \T1/lmr/m/it/10.95 and $\OM
S/lmsy/m/n/10.95 f\OML/lmm/m/it/10.95 y[]\OMS/lmsy/m/n/10.95 g$ \T1/lmr/m/it/10
.95 be two con-ver-gent se-quences with $[] \OML/lmm/m/it/10.95 x[] \OT1/lmr/m/
n/10.95 =
 []

[29]
Underfull \hbox (badness 10000) in paragraph at lines 1128--1130

 []

[30]
Underfull \hbox (badness 10000) in paragraph at lines 1150--1152

 []

[31]
Underfull \hbox (badness 10000) in paragraph at lines 1234--1236

 []

[32] <Lim_sup_example_5.png, id=1017, 578.16pt x 433.62pt>
File: Lim_sup_example_5.png Graphic file (type png)

<use Lim_sup_example_5.png>
Package pdftex.def Info: Lim_sup_example_5.png used on input line 1264.
(pdftex.def)             Requested size: 360.0pt x 269.99951pt.

Overfull \hbox (17.0pt too wide) in paragraph at lines 1264--1265
[][] 
 []

[33 <./Lim_sup_example_5.png>]
Underfull \hbox (badness 10000) in paragraph at lines 1273--1275

 []

[34]
Underfull \hbox (badness 10000) in paragraph at lines 1337--1339

 []


Underfull \hbox (badness 10000) in paragraph at lines 1345--1347

 []

[35]
Overfull \hbox (0.45607pt too wide) in paragraph at lines 1375--1376
[][]\T1/lmr/bx/n/10.95 Theorem 3.1.14 \T1/lmr/m/n/10.95 (Cri-te-rion for con-ve
r-gence of se-ries of non-neg-a-tive terms)\T1/lmr/bx/n/10.95 .
 []


Underfull \hbox (badness 10000) in paragraph at lines 1386--1388

 []

[36]
Overfull \hbox (29.343pt too wide) in paragraph at lines 1394--1398
[]\T1/lmr/bx/n/10.95 Corollary \T1/lmr/m/n/10.95 (Cauchy's Test)\T1/lmr/bx/n/10
.95 . []\T1/lmr/m/it/10.95 Let $[][] \OML/lmm/m/it/10.95 a[]$ \T1/lmr/m/it/10.9
5 be a given se-ries and $\OML/lmm/m/it/10.95  \OT1/lmr/m/n/10.95 = [][] []$\T
1/lmr/m/it/10.95 .
 []


Underfull \hbox (badness 10000) in paragraph at lines 1400--1403

 []


Underfull \hbox (badness 10000) in paragraph at lines 1400--1403

 []


Underfull \hbox (badness 10000) in paragraph at lines 1416--1419

 []

[37]
Overfull \hbox (34.44344pt too wide) in paragraph at lines 1450--1450
[] 
 []


Underfull \hbox (badness 10000) in paragraph at lines 1450--1453

 []

[38]
Underfull \hbox (badness 10000) in paragraph at lines 1472--1473

 []


Underfull \hbox (badness 10000) in paragraph at lines 1512--1515

 []


Underfull \hbox (badness 10000) in paragraph at lines 1512--1515

 []

[39]
Underfull \hbox (badness 10000) in paragraph at lines 1518--1521

 []

[40] [41]
Underfull \hbox (badness 10000) in paragraph at lines 1622--1625

 []


Underfull \hbox (badness 10000) in paragraph at lines 1622--1625

 []


Underfull \hbox (badness 10000) in paragraph at lines 1646--1649

 []


Underfull \hbox (badness 10000) in paragraph at lines 1646--1649

 []

[42]
Underfull \hbox (badness 10000) in paragraph at lines 1685--1687

 []

[43]
Underfull \hbox (badness 10000) in paragraph at lines 1697--1702

 []


Underfull \hbox (badness 10000) in paragraph at lines 1697--1702

 []


Underfull \hbox (badness 10000) in paragraph at lines 1697--1702

 []


Underfull \hbox (badness 10000) in paragraph at lines 1697--1702

 []


Underfull \hbox (badness 10000) in paragraph at lines 1721--1732

 []


Underfull \hbox (badness 10000) in paragraph at lines 1721--1732

 []


Underfull \hbox (badness 10000) in paragraph at lines 1721--1732

 []


Underfull \hbox (badness 10000) in paragraph at lines 1721--1732

 []


Underfull \hbox (badness 10000) in paragraph at lines 1721--1732

 []


Underfull \hbox (badness 10000) in paragraph at lines 1721--1732

 []


Underfull \hbox (badness 10000) in paragraph at lines 1721--1732

 []

[44]
Underfull \hbox (badness 10000) in paragraph at lines 1741--1744

 []


Underfull \hbox (badness 10000) in paragraph at lines 1749--1753

 []


Underfull \hbox (badness 10000) in paragraph at lines 1749--1753

 []

[45]
Underfull \hbox (badness 10000) in paragraph at lines 1759--1760

 []


Underfull \hbox (badness 10000) in paragraph at lines 1759--1760

 []


Underfull \hbox (badness 10000) in paragraph at lines 1778--1783

 []


Underfull \hbox (badness 10000) in paragraph at lines 1778--1783

 []


Underfull \hbox (badness 10000) in paragraph at lines 1785--1789

 []


Underfull \hbox (badness 10000) in paragraph at lines 1785--1789

 []

[46]
Underfull \hbox (badness 10000) in paragraph at lines 1792--1793

 []


Overfull \hbox (1.36887pt too wide) in paragraph at lines 1805--1805
[]\T1/lmr/bx/n/12 The Gen-eral Def-i-ni-tion of the Limit of a Func-tion(Limit
 []


Underfull \hbox (badness 4859) in paragraph at lines 1815--1815
[]|\T1/lmr/m/n/10.95 Notation for
 []


Underfull \hbox (badness 4072) in paragraph at lines 1815--1815
[]|\T1/lmr/m/n/10.95 Elements of the
 []


Underfull \hbox (badness 10000) in paragraph at lines 1817--1817
[]|$\OML/lmm/m/it/10.95 x$ \T1/lmr/m/n/10.95 tends
 []


Underfull \hbox (badness 10000) in paragraph at lines 1819--1819
[]|$\OML/lmm/m/it/10.95 x$ \T1/lmr/m/n/10.95 tends
 []


Underfull \hbox (badness 2698) in paragraph at lines 1819--1819
\T1/lmr/m/n/10.95 to in-fin-
 []


Underfull \hbox (badness 10000) in paragraph at lines 1821--1821
[]|$\OML/lmm/m/it/10.95 x$ \T1/lmr/m/n/10.95 tends
 []


Underfull \hbox (badness 10000) in paragraph at lines 1823--1823
[]|$\OML/lmm/m/it/10.95 x$ \T1/lmr/m/n/10.95 tends
 []


Underfull \hbox (badness 10000) in paragraph at lines 1823--1823
\T1/lmr/m/n/10.95 to in-
 []


Underfull \hbox (badness 3690) in paragraph at lines 1823--1823
\T1/lmr/m/n/10.95 fin-ity in
 []


Underfull \hbox (badness 10000) in paragraph at lines 1823--1823
[]|\T1/lmr/m/n/10.95 Neighborhoods[][][]of
 []

LaTeX Font Info:    External font `lmex10' loaded for size
(Font)              <9> on input line 1826.
LaTeX Font Info:    External font `lmex10' loaded for size
(Font)              <5> on input line 1826.

Overfull \hbox (35.49988pt too wide) in paragraph at lines 1813--1832
[][]
 []


Underfull \hbox (badness 10000) in paragraph at lines 1813--1832

 []


Underfull \hbox (badness 10000) in paragraph at lines 1813--1832

 []


Underfull \vbox (badness 10000) has occurred while \output is active []

 [47]
Underfull \hbox (badness 10000) in paragraph at lines 1834--1836

 []


Underfull \hbox (badness 10000) in paragraph at lines 1834--1836

 []

[48]
Underfull \hbox (badness 10000) in paragraph at lines 1867--1869

 []


Underfull \hbox (badness 10000) in paragraph at lines 1882--1884

 []

[49] [50]
Underfull \hbox (badness 10000) in paragraph at lines 1999--2005

 []


Underfull \hbox (badness 10000) in paragraph at lines 1999--2005

 []

[51] [52] [53] [54

]
 4.
[55] [56]
Underfull \hbox (badness 10000) in paragraph at lines 2119--2121

 []


Underfull \hbox (badness 10000) in paragraph at lines 2129--2133

 []

[57] [58]
Overfull \hbox (4.33621pt too wide) in paragraph at lines 2201--2202
[][]\T1/lmr/bx/it/10.95 Example \T1/lmr/bx/n/10.95 4.7. []\T1/lmr/m/it/10.95 Th
e func-tion $\OML/lmm/m/it/10.95 f\OT1/lmr/m/n/10.95 (\OML/lmm/m/it/10.95 x\OT1
/lmr/m/n/10.95 ) = [](\OML/lmm/m/it/10.95 x[]\OT1/lmr/m/n/10.95 )$\T1/lmr/m/it/
10.95 , which is con-tin-u-ous and bounded
 []

[59] [60] [61] [62

]
 5.

Underfull \hbox (badness 10000) in paragraph at lines 2305--2308

 []

[63] [64] [65]
Underfull \hbox (badness 10000) in paragraph at lines 2429--2432

 []


Underfull \hbox (badness 10000) in paragraph at lines 2429--2432

 []

[66] [67]
Underfull \vbox (badness 5771) has occurred while \output is active []

 [68]
[69] [70] [71]
Underfull \hbox (badness 10000) in paragraph at lines 2657--2659

 []

[72] [73]
Underfull \vbox (badness 1048) has occurred while \output is active []

 [74]
Overfull \hbox (94.45328pt too wide) in paragraph at lines 2748--2748
[] 
 []


Overfull \hbox (116.4394pt too wide) has occurred while \output is active
\T1/lmr/m/sl/10.95 5.4.  THE STUDY OF FUNCTIONS USING THE METHODS OF DIFFERENTI
AL CALCULUS \T1/lmr/m/n/10.95 75
 []

[75] [76] <ConvexFunction.png, id=1294, 682.04813pt x 354.57469pt>
File: ConvexFunction.png Graphic file (type png)

<use ConvexFunction.png>
Package pdftex.def Info: ConvexFunction.png used on input line 2807.
(pdftex.def)             Requested size: 360.0pt x 187.15541pt.

Overfull \hbox (17.0pt too wide) in paragraph at lines 2807--2809
[][]
 []


Overfull \hbox (116.4394pt too wide) has occurred while \output is active
\T1/lmr/m/sl/10.95 5.4.  THE STUDY OF FUNCTIONS USING THE METHODS OF DIFFERENTI
AL CALCULUS \T1/lmr/m/n/10.95 77
 []

[77 <./ConvexFunction.png>]
Overfull \hbox (9.1572pt too wide) in paragraph at lines 2816--2817
\U/msb/m/n/10.95 R$ \T1/lmr/m/it/10.95 hav-ing a sec-ond deriva-tive on the ope
n in-ter-val $\OT1/lmr/m/n/10.95 (\OML/lmm/m/it/10.95 a; b\OT1/lmr/m/n/10.95 )$
 \T1/lmr/m/it/10.95 to be con-vex(downward)
 []

[78]
Overfull \hbox (116.4394pt too wide) has occurred while \output is active
\T1/lmr/m/sl/10.95 5.4.  THE STUDY OF FUNCTIONS USING THE METHODS OF DIFFERENTI
AL CALCULUS \T1/lmr/m/n/10.95 79
 []

[79]

Package hyperref Warning: Token not allowed in a PDF string (PDFDocEncoding):
(hyperref)                removing `math shift' on input line 2909.


Package hyperref Warning: Token not allowed in a PDF string (PDFDocEncoding):
(hyperref)                removing `math shift' on input line 2909.

[80] [81]
Underfull \hbox (badness 10000) in paragraph at lines 2976--2978

 []

[82]
Underfull \hbox (badness 10000) in paragraph at lines 2999--3001

 []


Package hyperref Warning: Token not allowed in a PDF string (PDFDocEncoding):
(hyperref)                removing `math shift' on input line 3004.


Package hyperref Warning: Token not allowed in a PDF string (PDFDocEncoding):
(hyperref)                removing `math shift' on input line 3004.


Overfull \hbox (10.61157pt too wide) in paragraph at lines 3024--3025
[]\T1/lmr/m/n/10.95 Use the long di-vi-sion al-go-rithm on $\OML/lmm/m/it/10.95
 P\OT1/lmr/m/n/10.95 (\OML/lmm/m/it/10.95 z\OT1/lmr/m/n/10.95 )$\T1/lmr/m/n/10.
95 , we find that $\OML/lmm/m/it/10.95 P\OT1/lmr/m/n/10.95 (\OML/lmm/m/it/10.95
 z\OT1/lmr/m/n/10.95 ) = \OML/lmm/m/it/10.95 q\OT1/lmr/m/n/10.95 (\OML/lmm/m/it
/10.95 z\OT1/lmr/m/n/10.95 )\OML/lmm/m/it/10.95 Q\OT1/lmr/m/n/10.95 (\OML/lmm/m
/it/10.95 z\OT1/lmr/m/n/10.95 ) +
 []

[83] [84] [85] [86]

Package hyperref Warning: Token not allowed in a PDF string (PDFDocEncoding):
(hyperref)                removing `math shift' on input line 3187.


Package hyperref Warning: Token not allowed in a PDF string (PDFDocEncoding):
(hyperref)                removing `\intop' on input line 3187.


Package hyperref Warning: Token not allowed in a PDF string (PDFDocEncoding):
(hyperref)                removing `\ilimits@' on input line 3187.


Package hyperref Warning: Token not allowed in a PDF string (PDFDocEncoding):
(hyperref)                removing `\mathop' on input line 3187.


Package hyperref Warning: Token not allowed in a PDF string (PDFDocEncoding):
(hyperref)                removing `\mathgroup' on input line 3187.


Package hyperref Warning: Token not allowed in a PDF string (PDFDocEncoding):
(hyperref)                removing `\symoperators' on input line 3187.


Package hyperref Warning: Token not allowed in a PDF string (PDFDocEncoding):
(hyperref)                removing `\@ifnextchar' on input line 3187.


Package hyperref Warning: Token not allowed in a PDF string (PDFDocEncoding):
(hyperref)                removing `\mathop' on input line 3187.


Package hyperref Warning: Token not allowed in a PDF string (PDFDocEncoding):
(hyperref)                removing `\mathgroup' on input line 3187.


Package hyperref Warning: Token not allowed in a PDF string (PDFDocEncoding):
(hyperref)                removing `\symoperators' on input line 3187.


Package hyperref Warning: Token not allowed in a PDF string (PDFDocEncoding):
(hyperref)                removing `\@ifnextchar' on input line 3187.


Package hyperref Warning: Token not allowed in a PDF string (PDFDocEncoding):
(hyperref)                removing `math shift' on input line 3187.


Underfull \hbox (badness 10000) in paragraph at lines 3188--3190

 []


Package hyperref Warning: Token not allowed in a PDF string (PDFDocEncoding):
(hyperref)                removing `math shift' on input line 3208.


Package hyperref Warning: Token not allowed in a PDF string (PDFDocEncoding):
(hyperref)                removing `\intop' on input line 3208.


Package hyperref Warning: Token not allowed in a PDF string (PDFDocEncoding):
(hyperref)                removing `\ilimits@' on input line 3208.


Package hyperref Warning: Token not allowed in a PDF string (PDFDocEncoding):
(hyperref)                removing `math shift' on input line 3208.


LaTeX Warning: Command \i invalid in math mode on input line 3210.


Underfull \hbox (badness 10000) in paragraph at lines 3209--3211

 []

[87] [88]
Underfull \hbox (badness 10000) in paragraph at lines 3243--3246

 []

[89] [90

]
 6.
[91] [92]
Overfull \hbox (187.38214pt too wide) has occurred while \output is active
\T1/lmr/m/sl/10.95 6.1.  DEFINITION OF THE INTEGRAL AND DESCRIPTION OF THE SET 
OF INTEGRABLE FUNCTIONS \T1/lmr/m/n/10.95 93
 []

[93]
Underfull \hbox (badness 10000) in paragraph at lines 3349--3351

 []

[94]
Underfull \hbox (badness 10000) in paragraph at lines 3379--3381

 []


Overfull \hbox (187.38214pt too wide) has occurred while \output is active
\T1/lmr/m/sl/10.95 6.1.  DEFINITION OF THE INTEGRAL AND DESCRIPTION OF THE SET 
OF INTEGRABLE FUNCTIONS \T1/lmr/m/n/10.95 95
 []

[95] [96]
Underfull \hbox (badness 10000) in paragraph at lines 3455--3459

 []


Underfull \hbox (badness 10000) in paragraph at lines 3464--3467

 []


Overfull \hbox (187.38214pt too wide) has occurred while \output is active
\T1/lmr/m/sl/10.95 6.1.  DEFINITION OF THE INTEGRAL AND DESCRIPTION OF THE SET 
OF INTEGRABLE FUNCTIONS \T1/lmr/m/n/10.95 97
 []

[97]

Package hyperref Warning: Token not allowed in a PDF string (PDFDocEncoding):
(hyperref)                removing `math shift' on input line 3486.


Package hyperref Warning: Token not allowed in a PDF string (PDFDocEncoding):
(hyperref)                removing `math shift' on input line 3486.

[98]
Overfull \hbox (39.48924pt too wide) has occurred while \output is active
\T1/lmr/m/sl/10.95 6.2.  LINEARITY, ADDITIVITY AND MONOTONICITY OF THE INTEGRAL
 \T1/lmr/m/n/10.95 99
 []

[99]
Underfull \hbox (badness 10000) in paragraph at lines 3565--3568

 []

[100]
Overfull \hbox (3.17332pt too wide) in paragraph at lines 3645--3645
[]\T1/lmr/bx/n/12 Definition, Ex-am-ples, and Ba-sic Prop-er-ties of Im-proper
 []


Underfull \vbox (badness 10000) has occurred while \output is active []


Overfull \hbox (44.96423pt too wide) has occurred while \output is active
\T1/lmr/m/sl/10.95 6.2.  LINEARITY, ADDITIVITY AND MONOTONICITY OF THE INTEGRAL
 \T1/lmr/m/n/10.95 101
 []

[101] [102]
 7.
LaTeX Font Info:    External font `lmex10' loaded for size
(Font)              <14.4> on input line 3651.
LaTeX Font Info:    External font `lmex10' loaded for size
(Font)              <10> on input line 3651.
LaTeX Font Info:    External font `lmex10' loaded for size
(Font)              <7> on input line 3651.

Package hyperref Warning: Token not allowed in a PDF string (PDFDocEncoding):
(hyperref)                removing `math shift' on input line 3651.


Package hyperref Warning: Token not allowed in a PDF string (PDFDocEncoding):
(hyperref)                removing `superscript' on input line 3651.


Package hyperref Warning: Token not allowed in a PDF string (PDFDocEncoding):
(hyperref)                removing `math shift' on input line 3651.


Package hyperref Warning: Token not allowed in a PDF string (PDFDocEncoding):
(hyperref)                removing `math shift' on input line 3652.


Package hyperref Warning: Token not allowed in a PDF string (PDFDocEncoding):
(hyperref)                removing `superscript' on input line 3652.


Package hyperref Warning: Token not allowed in a PDF string (PDFDocEncoding):
(hyperref)                removing `math shift' on input line 3652.


Underfull \hbox (badness 10000) in paragraph at lines 3665--3667

 []


Package hyperref Warning: Token not allowed in a PDF string (PDFDocEncoding):
(hyperref)                removing `math shift' on input line 3671.


Package hyperref Warning: Token not allowed in a PDF string (PDFDocEncoding):
(hyperref)                removing `superscript' on input line 3671.


Package hyperref Warning: Token not allowed in a PDF string (PDFDocEncoding):
(hyperref)                removing `math shift' on input line 3671.

[103

]
Underfull \hbox (badness 10000) in paragraph at lines 3702--3706

 []


Overfull \hbox (64.20108pt too wide) has occurred while \output is active
\T1/lmr/m/n/10.95 104  \T1/lmr/m/sl/10.95 7.  FUNCTIONS OF SEVERAL VARIABLES: T
HEIR LIMITS AND CONTINUITY
 []

[104]

Package hyperref Warning: Token not allowed in a PDF string (PDFDocEncoding):
(hyperref)                removing `math shift' on input line 3753.


Package hyperref Warning: Token not allowed in a PDF string (PDFDocEncoding):
(hyperref)                removing `superscript' on input line 3753.


Package hyperref Warning: Token not allowed in a PDF string (PDFDocEncoding):
(hyperref)                removing `math shift' on input line 3753.


Overfull \hbox (62.76288pt too wide) has occurred while \output is active
\T1/lmr/m/sl/10.95 7.1.  THE SPACE $\U/msb/m/n/10.95 R[]$ \T1/lmr/m/sl/10.95 AN
D THE MOST IMPORTANT CLASSES OF ITS SUBSETS \T1/lmr/m/n/10.95 105
 []

[105]
Overfull \hbox (64.20108pt too wide) has occurred while \output is active
\T1/lmr/m/n/10.95 106  \T1/lmr/m/sl/10.95 7.  FUNCTIONS OF SEVERAL VARIABLES: T
HEIR LIMITS AND CONTINUITY
 []

[106]
Underfull \hbox (badness 10000) in paragraph at lines 3849--3852

 []


Underfull \hbox (badness 10000) in paragraph at lines 3849--3852

 []


Overfull \hbox (47.31969pt too wide) has occurred while \output is active
\T1/lmr/m/sl/10.95 7.2.  LIMITS AND CONTINUITY OF FUNCTIONS OF SEVERAL VARIABLE
S \T1/lmr/m/n/10.95 107
 []

[107]
Underfull \hbox (badness 10000) in paragraph at lines 3889--3892

 []


Underfull \hbox (badness 10000) in paragraph at lines 3894--3897

 []


Underfull \hbox (badness 10000) in paragraph at lines 3904--3911

 []


Overfull \hbox (64.20108pt too wide) has occurred while \output is active
\T1/lmr/m/n/10.95 108  \T1/lmr/m/sl/10.95 7.  FUNCTIONS OF SEVERAL VARIABLES: T
HEIR LIMITS AND CONTINUITY
 []

[108]
Underfull \hbox (badness 10000) in paragraph at lines 3937--3943

 []


Overfull \hbox (47.31969pt too wide) has occurred while \output is active
\T1/lmr/m/sl/10.95 7.2.  LIMITS AND CONTINUITY OF FUNCTIONS OF SEVERAL VARIABLE
S \T1/lmr/m/n/10.95 109
 []

[109]
Overfull \hbox (64.20108pt too wide) has occurred while \output is active
\T1/lmr/m/n/10.95 110  \T1/lmr/m/sl/10.95 7.  FUNCTIONS OF SEVERAL VARIABLES: T
HEIR LIMITS AND CONTINUITY
 []

[110]
 8.

Package hyperref Warning: Token not allowed in a PDF string (PDFDocEncoding):
(hyperref)                removing `math shift' on input line 3964.


Package hyperref Warning: Token not allowed in a PDF string (PDFDocEncoding):
(hyperref)                removing `superscript' on input line 3964.


Package hyperref Warning: Token not allowed in a PDF string (PDFDocEncoding):
(hyperref)                removing `math shift' on input line 3964.


Package hyperref Warning: Token not allowed in a PDF string (PDFDocEncoding):
(hyperref)                removing `math shift' on input line 3965.


Package hyperref Warning: Token not allowed in a PDF string (PDFDocEncoding):
(hyperref)                removing `superscript' on input line 3965.


Package hyperref Warning: Token not allowed in a PDF string (PDFDocEncoding):
(hyperref)                removing `math shift' on input line 3965.


Underfull \hbox (badness 10000) in paragraph at lines 3975--3980

 []

[111

]

Package hyperref Warning: Token not allowed in a PDF string (PDFDocEncoding):
(hyperref)                removing `math shift' on input line 3989.


Package hyperref Warning: Token not allowed in a PDF string (PDFDocEncoding):
(hyperref)                removing `superscript' on input line 3989.


Package hyperref Warning: Token not allowed in a PDF string (PDFDocEncoding):
(hyperref)                removing `\to' on input line 3989.


Package hyperref Warning: Token not allowed in a PDF string (PDFDocEncoding):
(hyperref)                removing `superscript' on input line 3989.


Package hyperref Warning: Token not allowed in a PDF string (PDFDocEncoding):
(hyperref)                removing `math shift' on input line 3989.


Package hyperref Warning: Token not allowed in a PDF string (PDFDocEncoding):
(hyperref)                removing `math shift' on input line 3997.


Package hyperref Warning: Token not allowed in a PDF string (PDFDocEncoding):
(hyperref)                removing `superscript' on input line 3997.


Package hyperref Warning: Token not allowed in a PDF string (PDFDocEncoding):
(hyperref)                removing `math shift' on input line 3997.


Underfull \hbox (badness 10000) in paragraph at lines 4005--4012

 []


Underfull \hbox (badness 10000) in paragraph at lines 4005--4012

 []


Underfull \hbox (badness 10000) in paragraph at lines 4022--4024

 []


Overfull \hbox (73.17366pt too wide) has occurred while \output is active
\T1/lmr/m/n/10.95 112  \T1/lmr/m/sl/10.95 8.  THE DIFFERENTIAL CALCULUS OF FUNC
TIONS OF SEVERAL VARIABLES
 []

[112]

Package hyperref Warning: Token not allowed in a PDF string (PDFDocEncoding):
(hyperref)                removing `math shift' on input line 4038.


Package hyperref Warning: Token not allowed in a PDF string (PDFDocEncoding):
(hyperref)                removing `superscript' on input line 4038.


Package hyperref Warning: Token not allowed in a PDF string (PDFDocEncoding):
(hyperref)                removing `math shift' on input line 4038.

[113]
Overfull \hbox (73.17366pt too wide) has occurred while \output is active
\T1/lmr/m/n/10.95 114  \T1/lmr/m/sl/10.95 8.  THE DIFFERENTIAL CALCULUS OF FUNC
TIONS OF SEVERAL VARIABLES
 []

[114]
Overfull \hbox (8.30588pt too wide) in paragraph at lines 4135--4135
[]\T1/lmr/bx/n/12 The Dif-fer-en-tial and Par-tial Deriva-tives of a Real-Value
d
 []


Overfull \hbox (33.13853pt too wide) detected at line 4146
\OML/lmm/m/it/10.95 f\OT1/lmr/m/n/10.95 (\OML/lmm/m/it/10.95 x[] \OT1/lmr/m/n/1
0.95 + \OML/lmm/m/it/10.95 h[]; []  ; x[] \OT1/lmr/m/n/10.95 + \OML/lmm/m/it/10
.95 h[]\OT1/lmr/m/n/10.95 ) \OMS/lmsy/m/n/10.95 ^^@ \OML/lmm/m/it/10.95 f\OT1/l
mr/m/n/10.95 (\OML/lmm/m/it/10.95 x[]; []  ; x[]\OT1/lmr/m/n/10.95 ) = \OML/lmm
/m/it/10.95 a[]\OT1/lmr/m/n/10.95 (\OML/lmm/m/it/10.95 x\OT1/lmr/m/n/10.95 )\OM
L/lmm/m/it/10.95 h[] \OT1/lmr/m/n/10.95 + [] + \OML/lmm/m/it/10.95 a[]\OT1/lmr/
m/n/10.95 (\OML/lmm/m/it/10.95 x\OT1/lmr/m/n/10.95 )\OML/lmm/m/it/10.95 h[] \OT
1/lmr/m/n/10.95 + \OML/lmm/m/it/10.95 o\OT1/lmr/m/n/10.95 (\OML/lmm/m/it/10.95 
h\OT1/lmr/m/n/10.95 ) []\OML/lmm/m/it/10.95 h \OMS/lmsy/m/n/10.95 ! \OT1/lmr/m/
n/10.95 0
 []


Overfull \hbox (21.16183pt too wide) has occurred while \output is active
\T1/lmr/m/sl/10.95 8.2.  THE DIFFERENTIAL OF A FUNCTION OF SEVERAL VARIABLES \T
1/lmr/m/n/10.95 115
 []

[115]
Overfull \hbox (2.02237pt too wide) in paragraph at lines 4169--4169
[]\T1/lmr/bx/n/12 Coordinate Rep-re-sen-ta-tion of the Dif-fer-en-tial of a Map
-
 []


Overfull \hbox (73.17366pt too wide) has occurred while \output is active
\T1/lmr/m/n/10.95 116  \T1/lmr/m/sl/10.95 8.  THE DIFFERENTIAL CALCULUS OF FUNC
TIONS OF SEVERAL VARIABLES
 []

[116] [117]
Overfull \hbox (73.17366pt too wide) has occurred while \output is active
\T1/lmr/m/n/10.95 118  \T1/lmr/m/sl/10.95 8.  THE DIFFERENTIAL CALCULUS OF FUNC
TIONS OF SEVERAL VARIABLES
 []

[118]
Overfull \hbox (6.84607pt too wide) in paragraph at lines 4289--4289
[]\T1/lmr/bx/n/14.4 The Ba-sic Facts of Dif-fer-en-tial Cal-cu-lus of Real-
 []


Overfull \hbox (254.6032pt too wide) has occurred while \output is active
\T1/lmr/m/sl/10.95 8.4.  THE BASIC FACTS OF DIFFERENTIAL CALCULUS OF REAL-VALUE
D FUNCTIONS OF SEVERAL VARIABLES \T1/lmr/m/n/10.95 119
 []

[119]
Overfull \hbox (35.70264pt too wide) detected at line 4327
\OML/lmm/m/it/10.95 F\OT1/lmr/m/n/10.95 (\OML/lmm/m/it/10.95 h[]; h[]\OT1/lmr/m
/n/10.95 ) = \OML/lmm/m/it/10.95 f\OT1/lmr/m/n/10.95 (\OML/lmm/m/it/10.95 x[] \
OT1/lmr/m/n/10.95 + \OML/lmm/m/it/10.95 h[]; x[] \OT1/lmr/m/n/10.95 + \OML/lmm/
m/it/10.95 h[]\OT1/lmr/m/n/10.95 ) \OMS/lmsy/m/n/10.95 ^^@ \OML/lmm/m/it/10.95 
f\OT1/lmr/m/n/10.95 (\OML/lmm/m/it/10.95 x[] \OT1/lmr/m/n/10.95 + \OML/lmm/m/it
/10.95 h[]; x[]\OT1/lmr/m/n/10.95 ) \OMS/lmsy/m/n/10.95 ^^@ \OML/lmm/m/it/10.95
 f\OT1/lmr/m/n/10.95 (\OML/lmm/m/it/10.95 x[]; x[] \OT1/lmr/m/n/10.95 + \OML/lm
m/m/it/10.95 h[]\OT1/lmr/m/n/10.95 ) + \OML/lmm/m/it/10.95 f\OT1/lmr/m/n/10.95 
(\OML/lmm/m/it/10.95 x[]; x[]\OT1/lmr/m/n/10.95 ) = \OML/lmm/m/it/10.95 '\OT1/l
mr/m/n/10.95 (1) \OMS/lmsy/m/n/10.95 ^^@ \OML/lmm/m/it/10.95 '\OT1/lmr/m/n/10.9
5 (0)
 []


Overfull \hbox (73.17366pt too wide) has occurred while \output is active
\T1/lmr/m/n/10.95 120  \T1/lmr/m/sl/10.95 8.  THE DIFFERENTIAL CALCULUS OF FUNC
TIONS OF SEVERAL VARIABLES
 []

[120]
Overfull \hbox (13.91391pt too wide) in paragraph at lines 4361--4362
[][]\T1/lmr/bx/n/10.95 Theorem 8.4.4. []\T1/lmr/m/it/10.95 If the func-tion $\O
ML/lmm/m/it/10.95 f \OT1/lmr/m/n/10.95 : \OML/lmm/m/it/10.95 U\OT1/lmr/m/n/10.9
5 (\OML/lmm/m/it/10.95 x\OT1/lmr/m/n/10.95 ) \OMS/lmsy/m/n/10.95 ! \U/msb/m/n/1
0.95 R$ \T1/lmr/m/it/10.95 is de-fined and $\OML/lmm/m/it/10.95 f \OMS/lmsy/m/n
/10.95 2 \OML/lmm/m/it/10.95 C[]\OT1/lmr/m/n/10.95 (\OML/lmm/m/it/10.95 U\OT1/l
mr/m/n/10.95 (\OML/lmm/m/it/10.95 x\OT1/lmr/m/n/10.95 )\OML/lmm/m/it/10.95 ; \U
/msb/m/n/10.95 R\OT1/lmr/m/n/10.95 )$
 []


Overfull \hbox (13.35757pt too wide) detected at line 4368
[]
 []


Underfull \hbox (badness 10000) in paragraph at lines 4368--4371

 []


Overfull \hbox (254.6032pt too wide) has occurred while \output is active
\T1/lmr/m/sl/10.95 8.4.  THE BASIC FACTS OF DIFFERENTIAL CALCULUS OF REAL-VALUE
D FUNCTIONS OF SEVERAL VARIABLES \T1/lmr/m/n/10.95 121
 []

[121]
Overfull \hbox (73.17366pt too wide) has occurred while \output is active
\T1/lmr/m/n/10.95 122  \T1/lmr/m/sl/10.95 8.  THE DIFFERENTIAL CALCULUS OF FUNC
TIONS OF SEVERAL VARIABLES
 []

[122]

Package hyperref Warning: Token not allowed in a PDF string (PDFDocEncoding):
(hyperref)                removing `math shift' on input line 4467.


Package hyperref Warning: Token not allowed in a PDF string (PDFDocEncoding):
(hyperref)                removing `superscript' on input line 4467.


Package hyperref Warning: Token not allowed in a PDF string (PDFDocEncoding):
(hyperref)                removing `\<def>-command' on input line 4467.


Package hyperref Warning: Token not allowed in a PDF string (PDFDocEncoding):
(hyperref)                removing `\next@' on input line 4467.


Package hyperref Warning: Token not allowed in a PDF string (PDFDocEncoding):
(hyperref)                removing `\<let>-command' on input line 4467.


Package hyperref Warning: Token not allowed in a PDF string (PDFDocEncoding):
(hyperref)                removing `\next@' on input line 4467.


Package hyperref Warning: Token not allowed in a PDF string (PDFDocEncoding):
(hyperref)                removing `superscript' on input line 4467.


Package hyperref Warning: Token not allowed in a PDF string (PDFDocEncoding):
(hyperref)                removing `math shift' on input line 4467.


Package hyperref Warning: Token not allowed in a PDF string (PDFDocEncoding):
(hyperref)                removing `math shift' on input line 4476.


Package hyperref Warning: Token not allowed in a PDF string (PDFDocEncoding):
(hyperref)                removing `superscript' on input line 4476.


Package hyperref Warning: Token not allowed in a PDF string (PDFDocEncoding):
(hyperref)                removing `math shift' on input line 4476.


Package hyperref Warning: Token not allowed in a PDF string (PDFDocEncoding):
(hyperref)                removing `math shift' on input line 4477.


Package hyperref Warning: Token not allowed in a PDF string (PDFDocEncoding):
(hyperref)                removing `math shift' on input line 4477.


Package hyperref Warning: Token not allowed in a PDF string (PDFDocEncoding):
(hyperref)                removing `math shift' on input line 4477.


Package hyperref Warning: Token not allowed in a PDF string (PDFDocEncoding):
(hyperref)                removing `superscript' on input line 4477.


Package hyperref Warning: Token not allowed in a PDF string (PDFDocEncoding):
(hyperref)                removing `math shift' on input line 4477.


Overfull \hbox (254.6032pt too wide) has occurred while \output is active
\T1/lmr/m/sl/10.95 8.4.  THE BASIC FACTS OF DIFFERENTIAL CALCULUS OF REAL-VALUE
D FUNCTIONS OF SEVERAL VARIABLES \T1/lmr/m/n/10.95 123
 []

[123]
Overfull \hbox (73.17366pt too wide) has occurred while \output is active
\T1/lmr/m/n/10.95 124  \T1/lmr/m/sl/10.95 8.  THE DIFFERENTIAL CALCULUS OF FUNC
TIONS OF SEVERAL VARIABLES
 []

[124]
Package atveryend Info: Empty hook `BeforeClearDocument' on input line 4485.
Package atveryend Info: Empty hook `AfterLastShipout' on input line 4485.
 (./Mathematical Analysis.aux)
Package atveryend Info: Executing hook `AtVeryEndDocument' on input line 4485.
Package atveryend Info: Executing hook `AtEndAfterFileList' on input line 4485.

Package rerunfilecheck Info: File `"Mathematical Analysis".out' has not changed
.
(rerunfilecheck)             Checksum: 2C91708FCCBCD43792A2D04A5FE5791E;13547.
Package atveryend Info: Empty hook `AtVeryVeryEnd' on input line 4485.
 ) 
Here is how much of TeX's memory you used:
 18483 strings out of 492995
 333954 string characters out of 6132704
 408381 words of memory out of 5000000
 21175 multiletter control sequences out of 15000+600000
 144793 words of font info for 103 fonts, out of 8000000 for 9000
 1141 hyphenation exceptions out of 8191
 55i,16n,54p,1146b,468s stack positions out of 5000i,500n,10000p,200000b,80000s
pdfTeX warning (dest): name{Hfootnote.2} has been referenced but does not exi
st, replaced by a fixed one

pdfTeX warning (dest): name{Hfootnote.1} has been referenced but does not exist
, replaced by a fixed one

{/usr/local/texlive/2017/texmf-dist/fonts/enc/dvips/lm/lm-rm.enc}{/usr/local/te
xlive/2017/texmf-dist/fonts/enc/dvips/lm/lm-mathit.enc}{/usr/local/texlive/2017
/texmf-dist/fonts/enc/dvips/lm/lm-ec.enc}{/usr/local/texlive/2017/texmf-dist/fo
nts/enc/dvips/lm/lm-mathsy.enc}{/usr/local/texlive/2017/texmf-dist/fonts/enc/dv
ips/lm/lm-mathex.enc}</usr/local/texlive/2017/texmf-dist/fonts/type1/public/ams
fonts/euler/eufm10.pfb></usr/local/texlive/2017/texmf-dist/fonts/type1/public/l
m/lmbx10.pfb></usr/local/texlive/2017/texmf-dist/fonts/type1/public/lm/lmbx12.p
fb></usr/local/texlive/2017/texmf-dist/fonts/type1/public/lm/lmbx8.pfb></usr/lo
cal/texlive/2017/texmf-dist/fonts/type1/public/lm/lmbxi10.pfb></usr/local/texli
ve/2017/texmf-dist/fonts/type1/public/lm/lmcsc10.pfb></usr/local/texlive/2017/t
exmf-dist/fonts/type1/public/lm/lmex10.pfb></usr/local/texlive/2017/texmf-dist/
fonts/type1/public/lm/lmmi10.pfb></usr/local/texlive/2017/texmf-dist/fonts/type
1/public/lm/lmmi12.pfb></usr/local/texlive/2017/texmf-dist/fonts/type1/public/l
m/lmmi6.pfb></usr/local/texlive/2017/texmf-dist/fonts/type1/public/lm/lmmi8.pfb
></usr/local/texlive/2017/texmf-dist/fonts/type1/public/lm/lmmi9.pfb></usr/loca
l/texlive/2017/texmf-dist/fonts/type1/public/lm/lmr10.pfb></usr/local/texlive/2
017/texmf-dist/fonts/type1/public/lm/lmr12.pfb></usr/local/texlive/2017/texmf-d
ist/fonts/type1/public/lm/lmr6.pfb></usr/local/texlive/2017/texmf-dist/fonts/ty
pe1/public/lm/lmr8.pfb></usr/local/texlive/2017/texmf-dist/fonts/type1/public/l
m/lmr9.pfb></usr/local/texlive/2017/texmf-dist/fonts/type1/public/lm/lmri10.pfb
></usr/local/texlive/2017/texmf-dist/fonts/type1/public/lm/lmro10.pfb></usr/loc
al/texlive/2017/texmf-dist/fonts/type1/public/lm/lmsy10.pfb></usr/local/texlive
/2017/texmf-dist/fonts/type1/public/lm/lmsy6.pfb></usr/local/texlive/2017/texmf
-dist/fonts/type1/public/lm/lmsy8.pfb></usr/local/texlive/2017/texmf-dist/fonts
/type1/public/amsfonts/symbols/msam10.pfb></usr/local/texlive/2017/texmf-dist/f
onts/type1/public/amsfonts/symbols/msbm10.pfb>
Output written on "Mathematical Analysis.pdf" (132 pages, 824960 bytes).
PDF statistics:
 1773 PDF objects out of 2073 (max. 8388607)
 1595 compressed objects within 16 object streams
 492 named destinations out of 1000 (max. 500000)
 1191 words of extra memory for PDF output out of 10000 (max. 10000000)

